2025-09-14 15:35:51 | INFO | Sent message to topic 'coffee_sales': {'date': '2024-03-03', 'datetime': '2024-03-03 17:08:45.895', 'cash_type': 'card', 'card': 'ANON-0000-0000-0019', 'money': '28.9', 'coffee_name': 'Cortado'}
2025-09-14 15:35:57 | INFO | Sent message to topic 'coffee_sales': {'date': '2024-03-03', 'datetime': '2024-03-03 18:03:23.369', 'cash_type': 'card', 'card': 'ANON-0000-0000-0020', 'money': '33.8', 'coffee_name': 'Americano with Milk'}
2025-09-14 15:36:03 | INFO | Sent message to topic 'coffee_sales': {'date': '2024-03-03', 'datetime': '2024-03-03 18:04:27.946', 'cash_type': 'card', 'card': 'ANON-0000-0000-0020', 'money': '33.8', 'coffee_name': 'Americano with Milk'}
2025-09-14 15:36:04 | INFO | Logging to file: logs/project_log.log
2025-09-14 15:36:04 | INFO | Log sanitization enabled, personal info removed
2025-09-14 15:36:04 | INFO | START consumer.
2025-09-14 15:36:04 | INFO | Kafka topic: coffee_sales
2025-09-14 15:36:04 | INFO | Kafka consumer group id: sales_group
2025-09-14 15:36:04 | INFO | Kafka broker address: localhost:9092
2025-09-14 15:36:04 | INFO | Creating Kafka consumer. Topic='coffee_sales' and group ID='sales_group'.
2025-09-14 15:36:04 | INFO | Kafka consumer created successfully.
2025-09-14 15:36:04 | INFO | Polling messages from topic 'coffee_sales'...
2025-09-14 15:36:04 | ERROR | Error while consuming messages: Invalid file descriptor: -1
2025-09-14 15:36:04 | INFO | Kafka consumer for topic 'coffee_sales' closed.
2025-09-14 15:36:09 | INFO | Sent message to topic 'coffee_sales': {'date': '2024-03-03', 'datetime': '2024-03-03 18:08:04.959', 'cash_type': 'card', 'card': 'ANON-0000-0000-0020', 'money': '38.7', 'coffee_name': 'Hot Chocolate'}
2025-09-14 15:36:15 | INFO | Sent message to topic 'coffee_sales': {'date': '2024-03-04', 'datetime': '2024-03-04 10:03:51.994', 'cash_type': 'card', 'card': 'ANON-0000-0000-0001', 'money': '38.7', 'coffee_name': 'Latte'}
2025-09-14 15:36:21 | INFO | Sent message to topic 'coffee_sales': {'date': '2024-03-04', 'datetime': '2024-03-04 10:54:50.958', 'cash_type': 'card', 'card': 'ANON-0000-0000-0021', 'money': '38.7', 'coffee_name': 'Latte'}
2025-09-14 15:36:27 | INFO | Sent message to topic 'coffee_sales': {'date': '2024-03-04', 'datetime': '2024-03-04 11:05:16.184', 'cash_type': 'card', 'card': 'ANON-0000-0000-0012', 'money': '33.8', 'coffee_name': 'Americano with Milk'}
2025-09-14 15:36:33 | INFO | Sent message to topic 'coffee_sales': {'date': '2024-03-04', 'datetime': '2024-03-04 14:04:37.734', 'cash_type': 'card', 'card': 'ANON-0000-0000-0022', 'money': '24.0', 'coffee_name': 'Espresso'}
2025-09-14 15:36:39 | INFO | Sent message to topic 'coffee_sales': {'date': '2024-03-05', 'datetime': '2024-03-05 09:59:52.651', 'cash_type': 'card', 'card': 'ANON-0000-0000-0001', 'money': '38.7', 'coffee_name': 'Latte'}
2025-09-14 15:36:43 | INFO | Logging to file: logs/project_log.log
2025-09-14 15:36:43 | INFO | Log sanitization enabled, personal info removed
2025-09-14 15:36:43 | INFO | START consumer.
2025-09-14 15:36:43 | INFO | Kafka topic: coffee_sales
2025-09-14 15:36:43 | INFO | Kafka consumer group id: sales_group
2025-09-14 15:36:43 | INFO | Kafka broker address: localhost:9092
2025-09-14 15:36:43 | INFO | Creating Kafka consumer. Topic='coffee_sales' and group ID='sales_group'.
2025-09-14 15:36:43 | INFO | Kafka consumer created successfully.
2025-09-14 15:36:43 | INFO | Polling messages from topic 'coffee_sales'...
2025-09-14 15:36:43 | ERROR | Error while consuming messages: Invalid file descriptor: -1
2025-09-14 15:36:43 | INFO | Kafka consumer for topic 'coffee_sales' closed.
2025-09-14 15:36:45 | INFO | Sent message to topic 'coffee_sales': {'date': '2024-03-05', 'datetime': '2024-03-05 14:34:55.963', 'cash_type': 'card', 'card': 'ANON-0000-0000-0023', 'money': '38.7', 'coffee_name': 'Latte'}
2025-09-14 15:36:51 | INFO | Sent message to topic 'coffee_sales': {'date': '2024-03-05', 'datetime': '2024-03-05 17:34:06.043', 'cash_type': 'card', 'card': 'ANON-0000-0000-0024', 'money': '38.7', 'coffee_name': 'Latte'}
2025-09-14 15:36:54 | WARNING | Producer interrupted by user.
2025-09-14 15:36:54 | INFO | Kafka producer closed.
2025-09-14 15:36:54 | INFO | END producer.
2025-09-14 15:46:24 | INFO | Logging to file: logs/project_log.log
2025-09-14 15:46:24 | INFO | Log sanitization enabled, personal info removed
2025-09-14 15:46:24 | INFO | Project root: D:/projects/buzzline-03-USERape
2025-09-14 15:46:24 | INFO | Data folder: D:/projects/buzzline-03-USERape/data
2025-09-14 15:46:24 | INFO | Data file: D:/projects/buzzline-03-USERape/data/sales.csv
2025-09-14 15:46:24 | INFO | START producer.
2025-09-14 15:46:24 | INFO | Kafka broker address: localhost:9092
2025-09-14 15:46:24 | INFO | Kafka is ready. Brokers: {'throttle_time_ms': 0, 'brokers': [{'node_id': 1, 'host': 'localhost', 'port': 9092, 'rack': None}], 'cluster_id': 'BelHa6fnRvy4wd5axlKIwQ', 'controller_id': 1}
2025-09-14 15:46:24 | INFO | Kafka topic: coffee_sales
2025-09-14 15:46:24 | INFO | Message interval: 6 seconds
2025-09-14 15:46:24 | INFO | Kafka broker address: localhost:9092
2025-09-14 15:46:24 | INFO | Connecting to Kafka broker at localhost:9092...
2025-09-14 15:46:24 | INFO | Kafka producer successfully created.
2025-09-14 15:46:24 | INFO | Kafka broker address: localhost:9092
2025-09-14 15:46:25 | INFO | Topic 'coffee_sales' already exists. Recreating fresh...
2025-09-14 15:46:25 | INFO | Requested deletion of topic 'coffee_sales'.
2025-09-14 15:46:25 | INFO | Topic 'coffee_sales' created successfully.
2025-09-14 15:46:25 | INFO | Kafka topic 'coffee_sales' is ready.
2025-09-14 15:46:25 | INFO | Starting message production to topic 'coffee_sales'...
2025-09-14 15:46:25 | INFO | Opening data file in read mode: D:/projects/buzzline-03-USERape/data/sales.csv
2025-09-14 15:46:25 | INFO | Reading data from file: D:/projects/buzzline-03-USERape/data/sales.csv
2025-09-14 15:46:25 | INFO | Sent message to topic 'coffee_sales': {'date': '2024-03-01', 'datetime': '2024-03-01 10:15:50.520', 'cash_type': 'card', 'card': 'ANON-0000-0000-0001', 'money': '38.7', 'coffee_name': 'Latte'}
2025-09-14 15:46:31 | INFO | Sent message to topic 'coffee_sales': {'date': '2024-03-01', 'datetime': '2024-03-01 12:19:22.539', 'cash_type': 'card', 'card': 'ANON-0000-0000-0002', 'money': '38.7', 'coffee_name': 'Hot Chocolate'}
2025-09-14 15:46:36 | INFO | Logging to file: logs/project_log.log
2025-09-14 15:46:36 | INFO | Log sanitization enabled, personal info removed
2025-09-14 15:46:36 | INFO | START consumer.
2025-09-14 15:46:36 | INFO | Kafka topic: coffee_sales
2025-09-14 15:46:36 | INFO | Kafka consumer group id: sales_group
2025-09-14 15:46:36 | INFO | Kafka broker address: localhost:9092
2025-09-14 15:46:36 | INFO | Creating Kafka consumer. Topic='coffee_sales' and group ID='sales_group'.
2025-09-14 15:46:36 | INFO | Kafka consumer created successfully.
2025-09-14 15:46:36 | INFO | Polling messages from topic 'coffee_sales'...
2025-09-14 15:46:36 | ERROR | Error while consuming messages: Invalid file descriptor: -1
2025-09-14 15:46:36 | INFO | Kafka consumer for topic 'coffee_sales' closed.
2025-09-14 15:46:37 | INFO | Sent message to topic 'coffee_sales': {'date': '2024-03-01', 'datetime': '2024-03-01 12:20:18.089', 'cash_type': 'card', 'card': 'ANON-0000-0000-0002', 'money': '38.7', 'coffee_name': 'Hot Chocolate'}
2025-09-14 15:46:43 | INFO | Sent message to topic 'coffee_sales': {'date': '2024-03-01', 'datetime': '2024-03-01 13:46:33.006', 'cash_type': 'card', 'card': 'ANON-0000-0000-0003', 'money': '28.9', 'coffee_name': 'Americano'}
2025-09-14 15:46:49 | INFO | Sent message to topic 'coffee_sales': {'date': '2024-03-01', 'datetime': '2024-03-01 13:48:14.626', 'cash_type': 'card', 'card': 'ANON-0000-0000-0004', 'money': '38.7', 'coffee_name': 'Latte'}
2025-09-14 15:46:55 | INFO | Sent message to topic 'coffee_sales': {'date': '2024-03-01', 'datetime': '2024-03-01 15:39:47.726', 'cash_type': 'card', 'card': 'ANON-0000-0000-0005', 'money': '33.8', 'coffee_name': 'Americano with Milk'}
2025-09-14 15:47:01 | INFO | Sent message to topic 'coffee_sales': {'date': '2024-03-01', 'datetime': '2024-03-01 16:19:02.756', 'cash_type': 'card', 'card': 'ANON-0000-0000-0006', 'money': '38.7', 'coffee_name': 'Hot Chocolate'}
2025-09-14 15:47:07 | INFO | Sent message to topic 'coffee_sales': {'date': '2024-03-01', 'datetime': '2024-03-01 18:39:03.580', 'cash_type': 'card', 'card': 'ANON-0000-0000-0007', 'money': '33.8', 'coffee_name': 'Americano with Milk'}
2025-09-14 15:47:13 | INFO | Sent message to topic 'coffee_sales': {'date': '2024-03-01', 'datetime': '2024-03-01 19:22:01.762', 'cash_type': 'card', 'card': 'ANON-0000-0000-0008', 'money': '38.7', 'coffee_name': 'Cocoa'}
2025-09-14 15:47:19 | INFO | Sent message to topic 'coffee_sales': {'date': '2024-03-01', 'datetime': '2024-03-01 19:23:15.887', 'cash_type': 'card', 'card': 'ANON-0000-0000-0008', 'money': '33.8', 'coffee_name': 'Americano with Milk'}
2025-09-14 15:47:24 | INFO | Logging to file: logs/project_log.log
2025-09-14 15:47:24 | INFO | Log sanitization enabled, personal info removed
2025-09-14 15:47:24 | INFO | START consumer.
2025-09-14 15:47:24 | INFO | Kafka topic: coffee_sales
2025-09-14 15:47:24 | INFO | Kafka consumer group id: sales_group
2025-09-14 15:47:24 | INFO | Kafka broker address: localhost:9092
2025-09-14 15:47:24 | INFO | Creating Kafka consumer. Topic='coffee_sales' and group ID='sales_group'.
2025-09-14 15:47:24 | INFO | Kafka consumer created successfully.
2025-09-14 15:47:24 | INFO | Polling messages from topic 'coffee_sales'...
2025-09-14 15:47:24 | ERROR | Error while consuming messages: KafkaConsumer.poll() got an unexpected keyword argument 'timeout'
2025-09-14 15:47:24 | INFO | Kafka consumer for topic 'coffee_sales' closed.
2025-09-14 15:47:25 | INFO | Sent message to topic 'coffee_sales': {'date': '2024-03-01', 'datetime': '2024-03-01 19:29:17.391', 'cash_type': 'card', 'card': 'ANON-0000-0000-0009', 'money': '33.8', 'coffee_name': 'Americano with Milk'}
2025-09-14 15:47:31 | INFO | Sent message to topic 'coffee_sales': {'date': '2024-03-02', 'datetime': '2024-03-02 10:22:06.957', 'cash_type': 'card', 'card': 'ANON-0000-0000-0010', 'money': '28.9', 'coffee_name': 'Americano'}
2025-09-14 15:47:37 | INFO | Sent message to topic 'coffee_sales': {'date': '2024-03-02', 'datetime': '2024-03-02 10:30:35.668', 'cash_type': 'cash', 'card': '', 'money': '40.0', 'coffee_name': 'Latte'}
2025-09-14 15:47:43 | INFO | Sent message to topic 'coffee_sales': {'date': '2024-03-02', 'datetime': '2024-03-02 10:41:41.249', 'cash_type': 'card', 'card': 'ANON-0000-0000-0011', 'money': '33.8', 'coffee_name': 'Americano with Milk'}
2025-09-14 15:47:49 | INFO | Sent message to topic 'coffee_sales': {'date': '2024-03-02', 'datetime': '2024-03-02 11:59:45.484', 'cash_type': 'card', 'card': 'ANON-0000-0000-0012', 'money': '33.8', 'coffee_name': 'Americano with Milk'}
2025-09-14 15:47:55 | INFO | Sent message to topic 'coffee_sales': {'date': '2024-03-02', 'datetime': '2024-03-02 14:38:35.535', 'cash_type': 'card', 'card': 'ANON-0000-0000-0013', 'money': '28.9', 'coffee_name': 'Americano'}
2025-09-14 15:48:01 | INFO | Sent message to topic 'coffee_sales': {'date': '2024-03-02', 'datetime': '2024-03-02 16:37:24.475', 'cash_type': 'card', 'card': 'ANON-0000-0000-0014', 'money': '33.8', 'coffee_name': 'Americano with Milk'}
2025-09-14 15:48:03 | INFO | Logging to file: logs/project_log.log
2025-09-14 15:48:03 | INFO | Log sanitization enabled, personal info removed
2025-09-14 15:48:03 | INFO | START consumer.
2025-09-14 15:48:03 | INFO | Kafka topic: coffee_sales
2025-09-14 15:48:03 | INFO | Kafka consumer group id: sales_group
2025-09-14 15:48:03 | INFO | Kafka broker address: localhost:9092
2025-09-14 15:48:03 | INFO | Creating Kafka consumer. Topic='coffee_sales' and group ID='sales_group'.
2025-09-14 15:48:03 | INFO | Kafka consumer created successfully.
2025-09-14 15:48:03 | INFO | Polling messages from topic 'coffee_sales'...
2025-09-14 15:48:06 | ERROR | Error while consuming messages: 'str' object has no attribute 'decode'
2025-09-14 15:48:06 | INFO | Kafka consumer for topic 'coffee_sales' closed.
2025-09-14 15:48:07 | INFO | Sent message to topic 'coffee_sales': {'date': '2024-03-02', 'datetime': '2024-03-02 17:34:54.969', 'cash_type': 'card', 'card': 'ANON-0000-0000-0004', 'money': '28.9', 'coffee_name': 'Americano'}
2025-09-14 15:48:13 | INFO | Sent message to topic 'coffee_sales': {'date': '2024-03-03', 'datetime': '2024-03-03 10:10:43.981', 'cash_type': 'cash', 'card': '', 'money': '40.0', 'coffee_name': 'Latte'}
2025-09-14 15:48:19 | INFO | Sent message to topic 'coffee_sales': {'date': '2024-03-03', 'datetime': '2024-03-03 10:27:18.561', 'cash_type': 'card', 'card': 'ANON-0000-0000-0015', 'money': '38.7', 'coffee_name': 'Latte'}
2025-09-14 15:48:25 | INFO | Sent message to topic 'coffee_sales': {'date': '2024-03-03', 'datetime': '2024-03-03 11:33:56.118', 'cash_type': 'card', 'card': 'ANON-0000-0000-0016', 'money': '28.9', 'coffee_name': 'Cortado'}
2025-09-14 15:48:31 | INFO | Sent message to topic 'coffee_sales': {'date': '2024-03-03', 'datetime': '2024-03-03 12:26:56.098', 'cash_type': 'card', 'card': 'ANON-0000-0000-0012', 'money': '28.9', 'coffee_name': 'Americano'}
2025-09-14 15:48:37 | INFO | Sent message to topic 'coffee_sales': {'date': '2024-03-03', 'datetime': '2024-03-03 13:09:36.321', 'cash_type': 'card', 'card': 'ANON-0000-0000-0017', 'money': '38.7', 'coffee_name': 'Hot Chocolate'}
2025-09-14 15:48:43 | INFO | Sent message to topic 'coffee_sales': {'date': '2024-03-03', 'datetime': '2024-03-03 17:06:40.271', 'cash_type': 'card', 'card': 'ANON-0000-0000-0018', 'money': '38.7', 'coffee_name': 'Cocoa'}
2025-09-14 15:48:49 | INFO | Sent message to topic 'coffee_sales': {'date': '2024-03-03', 'datetime': '2024-03-03 17:08:45.895', 'cash_type': 'card', 'card': 'ANON-0000-0000-0019', 'money': '28.9', 'coffee_name': 'Cortado'}
2025-09-14 15:48:55 | INFO | Sent message to topic 'coffee_sales': {'date': '2024-03-03', 'datetime': '2024-03-03 18:03:23.369', 'cash_type': 'card', 'card': 'ANON-0000-0000-0020', 'money': '33.8', 'coffee_name': 'Americano with Milk'}
2025-09-14 15:49:01 | INFO | Sent message to topic 'coffee_sales': {'date': '2024-03-03', 'datetime': '2024-03-03 18:04:27.946', 'cash_type': 'card', 'card': 'ANON-0000-0000-0020', 'money': '33.8', 'coffee_name': 'Americano with Milk'}
2025-09-14 15:49:07 | INFO | Sent message to topic 'coffee_sales': {'date': '2024-03-03', 'datetime': '2024-03-03 18:08:04.959', 'cash_type': 'card', 'card': 'ANON-0000-0000-0020', 'money': '38.7', 'coffee_name': 'Hot Chocolate'}
2025-09-14 15:49:13 | INFO | Sent message to topic 'coffee_sales': {'date': '2024-03-04', 'datetime': '2024-03-04 10:03:51.994', 'cash_type': 'card', 'card': 'ANON-0000-0000-0001', 'money': '38.7', 'coffee_name': 'Latte'}
2025-09-14 15:49:19 | INFO | Sent message to topic 'coffee_sales': {'date': '2024-03-04', 'datetime': '2024-03-04 10:54:50.958', 'cash_type': 'card', 'card': 'ANON-0000-0000-0021', 'money': '38.7', 'coffee_name': 'Latte'}
2025-09-14 15:49:25 | INFO | Sent message to topic 'coffee_sales': {'date': '2024-03-04', 'datetime': '2024-03-04 11:05:16.184', 'cash_type': 'card', 'card': 'ANON-0000-0000-0012', 'money': '33.8', 'coffee_name': 'Americano with Milk'}
2025-09-14 15:49:31 | INFO | Sent message to topic 'coffee_sales': {'date': '2024-03-04', 'datetime': '2024-03-04 14:04:37.734', 'cash_type': 'card', 'card': 'ANON-0000-0000-0022', 'money': '24.0', 'coffee_name': 'Espresso'}
2025-09-14 15:49:37 | INFO | Sent message to topic 'coffee_sales': {'date': '2024-03-05', 'datetime': '2024-03-05 09:59:52.651', 'cash_type': 'card', 'card': 'ANON-0000-0000-0001', 'money': '38.7', 'coffee_name': 'Latte'}
2025-09-14 15:49:43 | INFO | Sent message to topic 'coffee_sales': {'date': '2024-03-05', 'datetime': '2024-03-05 14:34:55.963', 'cash_type': 'card', 'card': 'ANON-0000-0000-0023', 'money': '38.7', 'coffee_name': 'Latte'}
2025-09-14 15:49:49 | INFO | Sent message to topic 'coffee_sales': {'date': '2024-03-05', 'datetime': '2024-03-05 17:34:06.043', 'cash_type': 'card', 'card': 'ANON-0000-0000-0024', 'money': '38.7', 'coffee_name': 'Latte'}
2025-09-14 15:49:55 | INFO | Sent message to topic 'coffee_sales': {'date': '2024-03-05', 'datetime': '2024-03-05 17:35:25.021', 'cash_type': 'card', 'card': 'ANON-0000-0000-0025', 'money': '38.7', 'coffee_name': 'Hot Chocolate'}
2025-09-14 15:49:57 | INFO | Logging to file: logs/project_log.log
2025-09-14 15:49:57 | INFO | Log sanitization enabled, personal info removed
2025-09-14 15:49:57 | INFO | START consumer.
2025-09-14 15:49:57 | INFO | Kafka topic: coffee_sales
2025-09-14 15:49:57 | INFO | Kafka consumer group id: sales_group
2025-09-14 15:49:57 | INFO | Kafka broker address: localhost:9092
2025-09-14 15:49:57 | INFO | Creating Kafka consumer. Topic='coffee_sales' and group ID='sales_group'.
2025-09-14 15:49:57 | INFO | Kafka consumer created successfully.
2025-09-14 15:49:57 | INFO | Polling messages from topic 'coffee_sales'...
2025-09-14 15:50:01 | INFO | Processed JSON message: {'date': '2024-03-01', 'datetime': '2024-03-01 12:19:22.539', 'cash_type': 'card', 'card': 'ANON-0000-0000-0002', 'money': '38.7', 'coffee_name': 'Hot Chocolate'}
2025-09-14 15:50:01 | INFO | Updated revenue: {'Hot Chocolate': 38.7}
2025-09-14 15:50:01 | INFO | Processed JSON message: {'date': '2024-03-01', 'datetime': '2024-03-01 12:20:18.089', 'cash_type': 'card', 'card': 'ANON-0000-0000-0002', 'money': '38.7', 'coffee_name': 'Hot Chocolate'}
2025-09-14 15:50:01 | INFO | Updated revenue: {'Hot Chocolate': 77.4}
2025-09-14 15:50:01 | INFO | Processed JSON message: {'date': '2024-03-01', 'datetime': '2024-03-01 13:46:33.006', 'cash_type': 'card', 'card': 'ANON-0000-0000-0003', 'money': '28.9', 'coffee_name': 'Americano'}
2025-09-14 15:50:01 | INFO | Updated revenue: {'Hot Chocolate': 77.4, 'Americano': 28.9}
2025-09-14 15:50:01 | INFO | Processed JSON message: {'date': '2024-03-01', 'datetime': '2024-03-01 13:48:14.626', 'cash_type': 'card', 'card': 'ANON-0000-0000-0004', 'money': '38.7', 'coffee_name': 'Latte'}
2025-09-14 15:50:01 | INFO | Updated revenue: {'Hot Chocolate': 77.4, 'Americano': 28.9, 'Latte': 38.7}
2025-09-14 15:50:01 | INFO | Processed JSON message: {'date': '2024-03-01', 'datetime': '2024-03-01 15:39:47.726', 'cash_type': 'card', 'card': 'ANON-0000-0000-0005', 'money': '33.8', 'coffee_name': 'Americano with Milk'}
2025-09-14 15:50:01 | INFO | Updated revenue: {'Hot Chocolate': 77.4, 'Americano': 28.9, 'Latte': 38.7, 'Americano with Milk': 33.8}
2025-09-14 15:50:01 | INFO | Processed JSON message: {'date': '2024-03-01', 'datetime': '2024-03-01 16:19:02.756', 'cash_type': 'card', 'card': 'ANON-0000-0000-0006', 'money': '38.7', 'coffee_name': 'Hot Chocolate'}
2025-09-14 15:50:01 | INFO | Updated revenue: {'Hot Chocolate': 116.10000000000001, 'Americano': 28.9, 'Latte': 38.7, 'Americano with Milk': 33.8}
2025-09-14 15:50:01 | INFO | Processed JSON message: {'date': '2024-03-01', 'datetime': '2024-03-01 18:39:03.580', 'cash_type': 'card', 'card': 'ANON-0000-0000-0007', 'money': '33.8', 'coffee_name': 'Americano with Milk'}
2025-09-14 15:50:01 | INFO | Updated revenue: {'Hot Chocolate': 116.10000000000001, 'Americano': 28.9, 'Latte': 38.7, 'Americano with Milk': 67.6}
2025-09-14 15:50:01 | INFO | Processed JSON message: {'date': '2024-03-01', 'datetime': '2024-03-01 19:22:01.762', 'cash_type': 'card', 'card': 'ANON-0000-0000-0008', 'money': '38.7', 'coffee_name': 'Cocoa'}
2025-09-14 15:50:01 | INFO | Updated revenue: {'Hot Chocolate': 116.10000000000001, 'Americano': 28.9, 'Latte': 38.7, 'Americano with Milk': 67.6, 'Cocoa': 38.7}
2025-09-14 15:50:01 | INFO | Processed JSON message: {'date': '2024-03-01', 'datetime': '2024-03-01 19:23:15.887', 'cash_type': 'card', 'card': 'ANON-0000-0000-0008', 'money': '33.8', 'coffee_name': 'Americano with Milk'}
2025-09-14 15:50:01 | INFO | Updated revenue: {'Hot Chocolate': 116.10000000000001, 'Americano': 28.9, 'Latte': 38.7, 'Americano with Milk': 101.39999999999999, 'Cocoa': 38.7}
2025-09-14 15:50:01 | INFO | Processed JSON message: {'date': '2024-03-01', 'datetime': '2024-03-01 19:29:17.391', 'cash_type': 'card', 'card': 'ANON-0000-0000-0009', 'money': '33.8', 'coffee_name': 'Americano with Milk'}
2025-09-14 15:50:01 | INFO | Updated revenue: {'Hot Chocolate': 116.10000000000001, 'Americano': 28.9, 'Latte': 38.7, 'Americano with Milk': 135.2, 'Cocoa': 38.7}
2025-09-14 15:50:01 | INFO | Processed JSON message: {'date': '2024-03-02', 'datetime': '2024-03-02 10:22:06.957', 'cash_type': 'card', 'card': 'ANON-0000-0000-0010', 'money': '28.9', 'coffee_name': 'Americano'}
2025-09-14 15:50:01 | INFO | Updated revenue: {'Hot Chocolate': 116.10000000000001, 'Americano': 57.8, 'Latte': 38.7, 'Americano with Milk': 135.2, 'Cocoa': 38.7}
2025-09-14 15:50:01 | INFO | Processed JSON message: {'date': '2024-03-02', 'datetime': '2024-03-02 10:30:35.668', 'cash_type': 'cash', 'card': '', 'money': '40.0', 'coffee_name': 'Latte'}
2025-09-14 15:50:01 | INFO | Updated revenue: {'Hot Chocolate': 116.10000000000001, 'Americano': 57.8, 'Latte': 78.7, 'Americano with Milk': 135.2, 'Cocoa': 38.7}
2025-09-14 15:50:01 | INFO | Processed JSON message: {'date': '2024-03-02', 'datetime': '2024-03-02 10:41:41.249', 'cash_type': 'card', 'card': 'ANON-0000-0000-0011', 'money': '33.8', 'coffee_name': 'Americano with Milk'}
2025-09-14 15:50:01 | INFO | Updated revenue: {'Hot Chocolate': 116.10000000000001, 'Americano': 57.8, 'Latte': 78.7, 'Americano with Milk': 169.0, 'Cocoa': 38.7}
2025-09-14 15:50:01 | INFO | Processed JSON message: {'date': '2024-03-02', 'datetime': '2024-03-02 11:59:45.484', 'cash_type': 'card', 'card': 'ANON-0000-0000-0012', 'money': '33.8', 'coffee_name': 'Americano with Milk'}
2025-09-14 15:50:01 | INFO | Updated revenue: {'Hot Chocolate': 116.10000000000001, 'Americano': 57.8, 'Latte': 78.7, 'Americano with Milk': 202.8, 'Cocoa': 38.7}
2025-09-14 15:50:01 | INFO | Processed JSON message: {'date': '2024-03-02', 'datetime': '2024-03-02 14:38:35.535', 'cash_type': 'card', 'card': 'ANON-0000-0000-0013', 'money': '28.9', 'coffee_name': 'Americano'}
2025-09-14 15:50:01 | INFO | Updated revenue: {'Hot Chocolate': 116.10000000000001, 'Americano': 86.69999999999999, 'Latte': 78.7, 'Americano with Milk': 202.8, 'Cocoa': 38.7}
2025-09-14 15:50:01 | INFO | Processed JSON message: {'date': '2024-03-02', 'datetime': '2024-03-02 16:37:24.475', 'cash_type': 'card', 'card': 'ANON-0000-0000-0014', 'money': '33.8', 'coffee_name': 'Americano with Milk'}
2025-09-14 15:50:01 | INFO | Updated revenue: {'Hot Chocolate': 116.10000000000001, 'Americano': 86.69999999999999, 'Latte': 78.7, 'Americano with Milk': 236.60000000000002, 'Cocoa': 38.7}
2025-09-14 15:50:01 | INFO | Processed JSON message: {'date': '2024-03-02', 'datetime': '2024-03-02 17:34:54.969', 'cash_type': 'card', 'card': 'ANON-0000-0000-0004', 'money': '28.9', 'coffee_name': 'Americano'}
2025-09-14 15:50:01 | INFO | Updated revenue: {'Hot Chocolate': 116.10000000000001, 'Americano': 115.6, 'Latte': 78.7, 'Americano with Milk': 236.60000000000002, 'Cocoa': 38.7}
2025-09-14 15:50:01 | INFO | Processed JSON message: {'date': '2024-03-03', 'datetime': '2024-03-03 10:10:43.981', 'cash_type': 'cash', 'card': '', 'money': '40.0', 'coffee_name': 'Latte'}
2025-09-14 15:50:01 | INFO | Updated revenue: {'Hot Chocolate': 116.10000000000001, 'Americano': 115.6, 'Latte': 118.7, 'Americano with Milk': 236.60000000000002, 'Cocoa': 38.7}
2025-09-14 15:50:01 | INFO | Processed JSON message: {'date': '2024-03-03', 'datetime': '2024-03-03 10:27:18.561', 'cash_type': 'card', 'card': 'ANON-0000-0000-0015', 'money': '38.7', 'coffee_name': 'Latte'}
2025-09-14 15:50:01 | INFO | Updated revenue: {'Hot Chocolate': 116.10000000000001, 'Americano': 115.6, 'Latte': 157.4, 'Americano with Milk': 236.60000000000002, 'Cocoa': 38.7}
2025-09-14 15:50:01 | INFO | Processed JSON message: {'date': '2024-03-03', 'datetime': '2024-03-03 11:33:56.118', 'cash_type': 'card', 'card': 'ANON-0000-0000-0016', 'money': '28.9', 'coffee_name': 'Cortado'}
2025-09-14 15:50:01 | INFO | Updated revenue: {'Hot Chocolate': 116.10000000000001, 'Americano': 115.6, 'Latte': 157.4, 'Americano with Milk': 236.60000000000002, 'Cocoa': 38.7, 'Cortado': 28.9}
2025-09-14 15:50:01 | INFO | Processed JSON message: {'date': '2024-03-03', 'datetime': '2024-03-03 12:26:56.098', 'cash_type': 'card', 'card': 'ANON-0000-0000-0012', 'money': '28.9', 'coffee_name': 'Americano'}
2025-09-14 15:50:01 | INFO | Updated revenue: {'Hot Chocolate': 116.10000000000001, 'Americano': 144.5, 'Latte': 157.4, 'Americano with Milk': 236.60000000000002, 'Cocoa': 38.7, 'Cortado': 28.9}
2025-09-14 15:50:01 | INFO | Processed JSON message: {'date': '2024-03-03', 'datetime': '2024-03-03 13:09:36.321', 'cash_type': 'card', 'card': 'ANON-0000-0000-0017', 'money': '38.7', 'coffee_name': 'Hot Chocolate'}
2025-09-14 15:50:01 | INFO | Updated revenue: {'Hot Chocolate': 154.8, 'Americano': 144.5, 'Latte': 157.4, 'Americano with Milk': 236.60000000000002, 'Cocoa': 38.7, 'Cortado': 28.9}
2025-09-14 15:50:01 | INFO | Processed JSON message: {'date': '2024-03-03', 'datetime': '2024-03-03 17:06:40.271', 'cash_type': 'card', 'card': 'ANON-0000-0000-0018', 'money': '38.7', 'coffee_name': 'Cocoa'}
2025-09-14 15:50:01 | INFO | Updated revenue: {'Hot Chocolate': 154.8, 'Americano': 144.5, 'Latte': 157.4, 'Americano with Milk': 236.60000000000002, 'Cocoa': 77.4, 'Cortado': 28.9}
2025-09-14 15:50:01 | INFO | Processed JSON message: {'date': '2024-03-03', 'datetime': '2024-03-03 17:08:45.895', 'cash_type': 'card', 'card': 'ANON-0000-0000-0019', 'money': '28.9', 'coffee_name': 'Cortado'}
2025-09-14 15:50:01 | INFO | Updated revenue: {'Hot Chocolate': 154.8, 'Americano': 144.5, 'Latte': 157.4, 'Americano with Milk': 236.60000000000002, 'Cocoa': 77.4, 'Cortado': 57.8}
2025-09-14 15:50:01 | INFO | Processed JSON message: {'date': '2024-03-03', 'datetime': '2024-03-03 18:03:23.369', 'cash_type': 'card', 'card': 'ANON-0000-0000-0020', 'money': '33.8', 'coffee_name': 'Americano with Milk'}
2025-09-14 15:50:01 | INFO | Updated revenue: {'Hot Chocolate': 154.8, 'Americano': 144.5, 'Latte': 157.4, 'Americano with Milk': 270.40000000000003, 'Cocoa': 77.4, 'Cortado': 57.8}
2025-09-14 15:50:01 | INFO | Processed JSON message: {'date': '2024-03-03', 'datetime': '2024-03-03 18:04:27.946', 'cash_type': 'card', 'card': 'ANON-0000-0000-0020', 'money': '33.8', 'coffee_name': 'Americano with Milk'}
2025-09-14 15:50:01 | INFO | Updated revenue: {'Hot Chocolate': 154.8, 'Americano': 144.5, 'Latte': 157.4, 'Americano with Milk': 304.20000000000005, 'Cocoa': 77.4, 'Cortado': 57.8}
2025-09-14 15:50:01 | INFO | Processed JSON message: {'date': '2024-03-03', 'datetime': '2024-03-03 18:08:04.959', 'cash_type': 'card', 'card': 'ANON-0000-0000-0020', 'money': '38.7', 'coffee_name': 'Hot Chocolate'}
2025-09-14 15:50:01 | INFO | Updated revenue: {'Hot Chocolate': 193.5, 'Americano': 144.5, 'Latte': 157.4, 'Americano with Milk': 304.20000000000005, 'Cocoa': 77.4, 'Cortado': 57.8}
2025-09-14 15:50:01 | INFO | Processed JSON message: {'date': '2024-03-04', 'datetime': '2024-03-04 10:03:51.994', 'cash_type': 'card', 'card': 'ANON-0000-0000-0001', 'money': '38.7', 'coffee_name': 'Latte'}
2025-09-14 15:50:01 | INFO | Updated revenue: {'Hot Chocolate': 193.5, 'Americano': 144.5, 'Latte': 196.10000000000002, 'Americano with Milk': 304.20000000000005, 'Cocoa': 77.4, 'Cortado': 57.8}
2025-09-14 15:50:01 | INFO | Processed JSON message: {'date': '2024-03-04', 'datetime': '2024-03-04 10:54:50.958', 'cash_type': 'card', 'card': 'ANON-0000-0000-0021', 'money': '38.7', 'coffee_name': 'Latte'}
2025-09-14 15:50:01 | INFO | Updated revenue: {'Hot Chocolate': 193.5, 'Americano': 144.5, 'Latte': 234.8, 'Americano with Milk': 304.20000000000005, 'Cocoa': 77.4, 'Cortado': 57.8}
2025-09-14 15:50:01 | ERROR | Error processing message '{"date": "2024-03-04", "datetime": "2024-03-04 10:54:50.958", "cash_type": "card", "card": "ANON-0000-0000-0021", "money": "38.7", "coffee_name": "Latte"}': 'Logger' object has no attribute 'alert'
2025-09-14 15:50:01 | INFO | Processed JSON message: {'date': '2024-03-04', 'datetime': '2024-03-04 11:05:16.184', 'cash_type': 'card', 'card': 'ANON-0000-0000-0012', 'money': '33.8', 'coffee_name': 'Americano with Milk'}
2025-09-14 15:50:01 | INFO | Updated revenue: {'Hot Chocolate': 193.5, 'Americano': 144.5, 'Latte': 234.8, 'Americano with Milk': 338.00000000000006, 'Cocoa': 77.4, 'Cortado': 57.8}
2025-09-14 15:50:01 | INFO | Processed JSON message: {'date': '2024-03-04', 'datetime': '2024-03-04 14:04:37.734', 'cash_type': 'card', 'card': 'ANON-0000-0000-0022', 'money': '24.0', 'coffee_name': 'Espresso'}
2025-09-14 15:50:01 | INFO | Updated revenue: {'Hot Chocolate': 193.5, 'Americano': 144.5, 'Latte': 234.8, 'Americano with Milk': 338.00000000000006, 'Cocoa': 77.4, 'Cortado': 57.8, 'Espresso': 24.0}
2025-09-14 15:50:01 | INFO | Processed JSON message: {'date': '2024-03-05', 'datetime': '2024-03-05 09:59:52.651', 'cash_type': 'card', 'card': 'ANON-0000-0000-0001', 'money': '38.7', 'coffee_name': 'Latte'}
2025-09-14 15:50:01 | INFO | Updated revenue: {'Hot Chocolate': 193.5, 'Americano': 144.5, 'Latte': 273.5, 'Americano with Milk': 338.00000000000006, 'Cocoa': 77.4, 'Cortado': 57.8, 'Espresso': 24.0}
2025-09-14 15:50:01 | ERROR | Error processing message '{"date": "2024-03-05", "datetime": "2024-03-05 09:59:52.651", "cash_type": "card", "card": "ANON-0000-0000-0001", "money": "38.7", "coffee_name": "Latte"}': 'Logger' object has no attribute 'alert'
2025-09-14 15:50:01 | INFO | Processed JSON message: {'date': '2024-03-05', 'datetime': '2024-03-05 14:34:55.963', 'cash_type': 'card', 'card': 'ANON-0000-0000-0023', 'money': '38.7', 'coffee_name': 'Latte'}
2025-09-14 15:50:01 | INFO | Updated revenue: {'Hot Chocolate': 193.5, 'Americano': 144.5, 'Latte': 312.2, 'Americano with Milk': 338.00000000000006, 'Cocoa': 77.4, 'Cortado': 57.8, 'Espresso': 24.0}
2025-09-14 15:50:01 | ERROR | Error processing message '{"date": "2024-03-05", "datetime": "2024-03-05 14:34:55.963", "cash_type": "card", "card": "ANON-0000-0000-0023", "money": "38.7", "coffee_name": "Latte"}': 'Logger' object has no attribute 'alert'
2025-09-14 15:50:01 | INFO | Processed JSON message: {'date': '2024-03-05', 'datetime': '2024-03-05 17:34:06.043', 'cash_type': 'card', 'card': 'ANON-0000-0000-0024', 'money': '38.7', 'coffee_name': 'Latte'}
2025-09-14 15:50:01 | INFO | Updated revenue: {'Hot Chocolate': 193.5, 'Americano': 144.5, 'Latte': 350.9, 'Americano with Milk': 338.00000000000006, 'Cocoa': 77.4, 'Cortado': 57.8, 'Espresso': 24.0}
2025-09-14 15:50:01 | ERROR | Error processing message '{"date": "2024-03-05", "datetime": "2024-03-05 17:34:06.043", "cash_type": "card", "card": "ANON-0000-0000-0024", "money": "38.7", "coffee_name": "Latte"}': 'Logger' object has no attribute 'alert'
2025-09-14 15:50:01 | INFO | Processed JSON message: {'date': '2024-03-05', 'datetime': '2024-03-05 17:35:25.021', 'cash_type': 'card', 'card': 'ANON-0000-0000-0025', 'money': '38.7', 'coffee_name': 'Hot Chocolate'}
2025-09-14 15:50:01 | INFO | Updated revenue: {'Hot Chocolate': 232.2, 'Americano': 144.5, 'Latte': 350.9, 'Americano with Milk': 338.00000000000006, 'Cocoa': 77.4, 'Cortado': 57.8, 'Espresso': 24.0}
2025-09-14 15:50:01 | INFO | Sent message to topic 'coffee_sales': {'date': '2024-03-05', 'datetime': '2024-03-05 17:36:28.571', 'cash_type': 'card', 'card': 'ANON-0000-0000-0026', 'money': '38.7', 'coffee_name': 'Cocoa'}
2025-09-14 15:50:01 | INFO | Processed JSON message: {'date': '2024-03-05', 'datetime': '2024-03-05 17:36:28.571', 'cash_type': 'card', 'card': 'ANON-0000-0000-0026', 'money': '38.7', 'coffee_name': 'Cocoa'}
2025-09-14 15:50:01 | INFO | Updated revenue: {'Hot Chocolate': 232.2, 'Americano': 144.5, 'Latte': 350.9, 'Americano with Milk': 338.00000000000006, 'Cocoa': 116.10000000000001, 'Cortado': 57.8, 'Espresso': 24.0}
2025-09-14 15:50:07 | INFO | Sent message to topic 'coffee_sales': {'date': '2024-03-05', 'datetime': '2024-03-05 17:37:13.659', 'cash_type': 'card', 'card': 'ANON-0000-0000-0027', 'money': '38.7', 'coffee_name': 'Hot Chocolate'}
2025-09-14 15:50:07 | INFO | Processed JSON message: {'date': '2024-03-05', 'datetime': '2024-03-05 17:37:13.659', 'cash_type': 'card', 'card': 'ANON-0000-0000-0027', 'money': '38.7', 'coffee_name': 'Hot Chocolate'}
2025-09-14 15:50:07 | INFO | Updated revenue: {'Hot Chocolate': 270.9, 'Americano': 144.5, 'Latte': 350.9, 'Americano with Milk': 338.00000000000006, 'Cocoa': 116.10000000000001, 'Cortado': 57.8, 'Espresso': 24.0}
2025-09-14 15:50:13 | INFO | Sent message to topic 'coffee_sales': {'date': '2024-03-05', 'datetime': '2024-03-05 17:38:09.354', 'cash_type': 'card', 'card': 'ANON-0000-0000-0009', 'money': '38.7', 'coffee_name': 'Hot Chocolate'}
2025-09-14 15:50:13 | INFO | Processed JSON message: {'date': '2024-03-05', 'datetime': '2024-03-05 17:38:09.354', 'cash_type': 'card', 'card': 'ANON-0000-0000-0009', 'money': '38.7', 'coffee_name': 'Hot Chocolate'}
2025-09-14 15:50:13 | INFO | Updated revenue: {'Hot Chocolate': 309.59999999999997, 'Americano': 144.5, 'Latte': 350.9, 'Americano with Milk': 338.00000000000006, 'Cocoa': 116.10000000000001, 'Cortado': 57.8, 'Espresso': 24.0}
2025-09-14 15:50:19 | INFO | Sent message to topic 'coffee_sales': {'date': '2024-03-05', 'datetime': '2024-03-05 17:56:15.776', 'cash_type': 'card', 'card': 'ANON-0000-0000-0028', 'money': '28.9', 'coffee_name': 'Cortado'}
2025-09-14 15:50:19 | INFO | Processed JSON message: {'date': '2024-03-05', 'datetime': '2024-03-05 17:56:15.776', 'cash_type': 'card', 'card': 'ANON-0000-0000-0028', 'money': '28.9', 'coffee_name': 'Cortado'}
2025-09-14 15:50:19 | INFO | Updated revenue: {'Hot Chocolate': 309.59999999999997, 'Americano': 144.5, 'Latte': 350.9, 'Americano with Milk': 338.00000000000006, 'Cocoa': 116.10000000000001, 'Cortado': 86.69999999999999, 'Espresso': 24.0}
2025-09-14 15:50:25 | INFO | Sent message to topic 'coffee_sales': {'date': '2024-03-05', 'datetime': '2024-03-05 18:01:31.242', 'cash_type': 'card', 'card': 'ANON-0000-0000-0028', 'money': '38.7', 'coffee_name': 'Hot Chocolate'}
2025-09-14 15:50:25 | INFO | Processed JSON message: {'date': '2024-03-05', 'datetime': '2024-03-05 18:01:31.242', 'cash_type': 'card', 'card': 'ANON-0000-0000-0028', 'money': '38.7', 'coffee_name': 'Hot Chocolate'}
2025-09-14 15:50:25 | INFO | Updated revenue: {'Hot Chocolate': 348.29999999999995, 'Americano': 144.5, 'Latte': 350.9, 'Americano with Milk': 338.00000000000006, 'Cocoa': 116.10000000000001, 'Cortado': 86.69999999999999, 'Espresso': 24.0}
2025-09-14 15:50:31 | INFO | Sent message to topic 'coffee_sales': {'date': '2024-03-06', 'datetime': '2024-03-06 12:30:27.089', 'cash_type': 'cash', 'card': '', 'money': '35.0', 'coffee_name': 'Americano with Milk'}
2025-09-14 15:50:31 | INFO | Processed JSON message: {'date': '2024-03-06', 'datetime': '2024-03-06 12:30:27.089', 'cash_type': 'cash', 'card': '', 'money': '35.0', 'coffee_name': 'Americano with Milk'}
2025-09-14 15:50:31 | INFO | Updated revenue: {'Hot Chocolate': 348.29999999999995, 'Americano': 144.5, 'Latte': 350.9, 'Americano with Milk': 373.00000000000006, 'Cocoa': 116.10000000000001, 'Cortado': 86.69999999999999, 'Espresso': 24.0}
2025-09-14 15:50:37 | INFO | Sent message to topic 'coffee_sales': {'date': '2024-03-06', 'datetime': '2024-03-06 13:24:07.667', 'cash_type': 'card', 'card': 'ANON-0000-0000-0012', 'money': '28.9', 'coffee_name': 'Americano'}
2025-09-14 15:50:37 | INFO | Processed JSON message: {'date': '2024-03-06', 'datetime': '2024-03-06 13:24:07.667', 'cash_type': 'card', 'card': 'ANON-0000-0000-0012', 'money': '28.9', 'coffee_name': 'Americano'}
2025-09-14 15:50:37 | INFO | Updated revenue: {'Hot Chocolate': 348.29999999999995, 'Americano': 173.4, 'Latte': 350.9, 'Americano with Milk': 373.00000000000006, 'Cocoa': 116.10000000000001, 'Cortado': 86.69999999999999, 'Espresso': 24.0}
2025-09-14 15:50:43 | INFO | Sent message to topic 'coffee_sales': {'date': '2024-03-06', 'datetime': '2024-03-06 13:25:14.351', 'cash_type': 'card', 'card': 'ANON-0000-0000-0012', 'money': '28.9', 'coffee_name': 'Cortado'}
2025-09-14 15:50:43 | INFO | Processed JSON message: {'date': '2024-03-06', 'datetime': '2024-03-06 13:25:14.351', 'cash_type': 'card', 'card': 'ANON-0000-0000-0012', 'money': '28.9', 'coffee_name': 'Cortado'}
2025-09-14 15:50:43 | INFO | Updated revenue: {'Hot Chocolate': 348.29999999999995, 'Americano': 173.4, 'Latte': 350.9, 'Americano with Milk': 373.00000000000006, 'Cocoa': 116.10000000000001, 'Cortado': 115.6, 'Espresso': 24.0}
2025-09-14 15:50:49 | WARNING | Consumer interrupted by user.
2025-09-14 15:50:49 | INFO | Kafka consumer for topic 'coffee_sales' closed.
2025-09-14 15:50:49 | INFO | Sent message to topic 'coffee_sales': {'date': '2024-03-06', 'datetime': '2024-03-06 14:52:01.761', 'cash_type': 'card', 'card': 'ANON-0000-0000-0029', 'money': '38.7', 'coffee_name': 'Cappuccino'}
2025-09-14 15:50:55 | INFO | Sent message to topic 'coffee_sales': {'date': '2024-03-06', 'datetime': '2024-03-06 14:53:18.344', 'cash_type': 'card', 'card': 'ANON-0000-0000-0029', 'money': '38.7', 'coffee_name': 'Cappuccino'}
2025-09-14 15:51:01 | INFO | Sent message to topic 'coffee_sales': {'date': '2024-03-07', 'datetime': '2024-03-07 10:08:58.945', 'cash_type': 'cash', 'card': '', 'money': '40.0', 'coffee_name': 'Latte'}
2025-09-14 15:51:07 | INFO | Sent message to topic 'coffee_sales': {'date': '2024-03-07', 'datetime': '2024-03-07 10:18:40.543', 'cash_type': 'card', 'card': 'ANON-0000-0000-0030', 'money': '38.7', 'coffee_name': 'Hot Chocolate'}
2025-09-14 15:51:13 | INFO | Sent message to topic 'coffee_sales': {'date': '2024-03-07', 'datetime': '2024-03-07 11:03:58.976', 'cash_type': 'card', 'card': 'ANON-0000-0000-0031', 'money': '38.7', 'coffee_name': 'Latte'}
2025-09-14 15:51:19 | INFO | Sent message to topic 'coffee_sales': {'date': '2024-03-07', 'datetime': '2024-03-07 11:25:43.977', 'cash_type': 'cash', 'card': '', 'money': '40.0', 'coffee_name': 'Latte'}
2025-09-14 15:51:25 | INFO | Sent message to topic 'coffee_sales': {'date': '2024-03-07', 'datetime': '2024-03-07 15:40:22.606', 'cash_type': 'card', 'card': 'ANON-0000-0000-0032', 'money': '28.9', 'coffee_name': 'Americano'}
2025-09-14 15:51:31 | INFO | Sent message to topic 'coffee_sales': {'date': '2024-03-07', 'datetime': '2024-03-07 15:41:28.784', 'cash_type': 'card', 'card': 'ANON-0000-0000-0033', 'money': '33.8', 'coffee_name': 'Americano with Milk'}
2025-09-14 15:51:37 | INFO | Sent message to topic 'coffee_sales': {'date': '2024-03-08', 'datetime': '2024-03-08 10:34:41.283', 'cash_type': 'card', 'card': 'ANON-0000-0000-0012', 'money': '28.9', 'coffee_name': 'Cortado'}
2025-09-14 15:51:43 | INFO | Sent message to topic 'coffee_sales': {'date': '2024-03-08', 'datetime': '2024-03-08 12:22:28.653', 'cash_type': 'card', 'card': 'ANON-0000-0000-0034', 'money': '38.7', 'coffee_name': 'Cappuccino'}
2025-09-14 15:51:49 | INFO | Sent message to topic 'coffee_sales': {'date': '2024-03-08', 'datetime': '2024-03-08 13:53:02.042', 'cash_type': 'card', 'card': 'ANON-0000-0000-0035', 'money': '28.9', 'coffee_name': 'Americano'}
2025-09-14 15:51:55 | INFO | Sent message to topic 'coffee_sales': {'date': '2024-03-08', 'datetime': '2024-03-08 14:44:12.686', 'cash_type': 'card', 'card': 'ANON-0000-0000-0012', 'money': '28.9', 'coffee_name': 'Americano'}
2025-09-14 15:52:01 | INFO | Sent message to topic 'coffee_sales': {'date': '2024-03-08', 'datetime': '2024-03-08 14:45:11.048', 'cash_type': 'card', 'card': 'ANON-0000-0000-0033', 'money': '28.9', 'coffee_name': 'Americano'}
2025-09-14 15:52:07 | INFO | Sent message to topic 'coffee_sales': {'date': '2024-03-08', 'datetime': '2024-03-08 14:46:11.155', 'cash_type': 'card', 'card': 'ANON-0000-0000-0012', 'money': '33.8', 'coffee_name': 'Americano with Milk'}
2025-09-14 15:52:13 | INFO | Sent message to topic 'coffee_sales': {'date': '2024-03-08', 'datetime': '2024-03-08 18:57:51.451', 'cash_type': 'card', 'card': 'ANON-0000-0000-0036', 'money': '38.7', 'coffee_name': 'Latte'}
2025-09-14 15:52:19 | INFO | Sent message to topic 'coffee_sales': {'date': '2024-03-08', 'datetime': '2024-03-08 18:59:24.941', 'cash_type': 'card', 'card': 'ANON-0000-0000-0037', 'money': '38.7', 'coffee_name': 'Latte'}
2025-09-14 15:52:25 | INFO | Sent message to topic 'coffee_sales': {'date': '2024-03-09', 'datetime': '2024-03-09 11:49:37.292', 'cash_type': 'cash', 'card': '', 'money': '40.0', 'coffee_name': 'Hot Chocolate'}
2025-09-14 15:52:31 | INFO | Sent message to topic 'coffee_sales': {'date': '2024-03-09', 'datetime': '2024-03-09 12:05:15.559', 'cash_type': 'card', 'card': 'ANON-0000-0000-0038', 'money': '24.0', 'coffee_name': 'Espresso'}
2025-09-14 15:52:37 | INFO | Sent message to topic 'coffee_sales': {'date': '2024-03-09', 'datetime': '2024-03-09 12:07:38.275', 'cash_type': 'card', 'card': 'ANON-0000-0000-0039', 'money': '28.9', 'coffee_name': 'Americano'}
2025-09-14 15:52:43 | INFO | Sent message to topic 'coffee_sales': {'date': '2024-03-09', 'datetime': '2024-03-09 12:09:47.714', 'cash_type': 'card', 'card': 'ANON-0000-0000-0012', 'money': '38.7', 'coffee_name': 'Cappuccino'}
2025-09-14 15:52:49 | INFO | Sent message to topic 'coffee_sales': {'date': '2024-03-09', 'datetime': '2024-03-09 12:13:03.521', 'cash_type': 'card', 'card': 'ANON-0000-0000-0040', 'money': '28.9', 'coffee_name': 'Americano'}
2025-09-14 15:52:55 | INFO | Sent message to topic 'coffee_sales': {'date': '2024-03-09', 'datetime': '2024-03-09 12:14:26.458', 'cash_type': 'card', 'card': 'ANON-0000-0000-0040', 'money': '28.9', 'coffee_name': 'Americano'}
2025-09-14 15:53:01 | INFO | Sent message to topic 'coffee_sales': {'date': '2024-03-09', 'datetime': '2024-03-09 13:09:22.229', 'cash_type': 'card', 'card': 'ANON-0000-0000-0041', 'money': '38.7', 'coffee_name': 'Latte'}
2025-09-14 15:53:07 | INFO | Sent message to topic 'coffee_sales': {'date': '2024-03-09', 'datetime': '2024-03-09 13:41:06.167', 'cash_type': 'card', 'card': 'ANON-0000-0000-0042', 'money': '33.8', 'coffee_name': 'Americano with Milk'}
2025-09-14 15:53:13 | INFO | Sent message to topic 'coffee_sales': {'date': '2024-03-09', 'datetime': '2024-03-09 13:53:10.408', 'cash_type': 'card', 'card': 'ANON-0000-0000-0043', 'money': '28.9', 'coffee_name': 'Cortado'}
2025-09-14 15:53:19 | INFO | Sent message to topic 'coffee_sales': {'date': '2024-03-09', 'datetime': '2024-03-09 13:54:36.828', 'cash_type': 'card', 'card': 'ANON-0000-0000-0043', 'money': '38.7', 'coffee_name': 'Cappuccino'}
2025-09-14 15:53:25 | INFO | Sent message to topic 'coffee_sales': {'date': '2024-03-09', 'datetime': '2024-03-09 14:08:01.829', 'cash_type': 'card', 'card': 'ANON-0000-0000-0009', 'money': '33.8', 'coffee_name': 'Americano with Milk'}
2025-09-14 15:53:31 | INFO | Sent message to topic 'coffee_sales': {'date': '2024-03-09', 'datetime': '2024-03-09 14:26:52.873', 'cash_type': 'card', 'card': 'ANON-0000-0000-0044', 'money': '38.7', 'coffee_name': 'Hot Chocolate'}
2025-09-14 15:53:37 | INFO | Sent message to topic 'coffee_sales': {'date': '2024-03-09', 'datetime': '2024-03-09 19:17:57.572', 'cash_type': 'card', 'card': 'ANON-0000-0000-0009', 'money': '38.7', 'coffee_name': 'Cappuccino'}
2025-09-14 15:53:43 | INFO | Sent message to topic 'coffee_sales': {'date': '2024-03-09', 'datetime': '2024-03-09 19:19:10.084', 'cash_type': 'card', 'card': 'ANON-0000-0000-0009', 'money': '38.7', 'coffee_name': 'Hot Chocolate'}
2025-09-14 15:53:49 | INFO | Sent message to topic 'coffee_sales': {'date': '2024-03-10', 'datetime': '2024-03-10 07:44:18.538', 'cash_type': 'cash', 'card': '', 'money': '30.0', 'coffee_name': 'Americano'}
2025-09-14 15:53:55 | INFO | Sent message to topic 'coffee_sales': {'date': '2024-03-10', 'datetime': '2024-03-10 07:45:29.441', 'cash_type': 'cash', 'card': '', 'money': '35.0', 'coffee_name': 'Americano with Milk'}
2025-09-14 15:54:01 | INFO | Sent message to topic 'coffee_sales': {'date': '2024-03-10', 'datetime': '2024-03-10 10:06:02.960', 'cash_type': 'cash', 'card': '', 'money': '40.0', 'coffee_name': 'Latte'}
2025-09-14 15:54:07 | INFO | Sent message to topic 'coffee_sales': {'date': '2024-03-10', 'datetime': '2024-03-10 11:19:20.764', 'cash_type': 'card', 'card': 'ANON-0000-0000-0045', 'money': '24.0', 'coffee_name': 'Espresso'}
2025-09-14 15:54:13 | INFO | Sent message to topic 'coffee_sales': {'date': '2024-03-10', 'datetime': '2024-03-10 17:51:03.048', 'cash_type': 'cash', 'card': '', 'money': '35.0', 'coffee_name': 'Americano with Milk'}
2025-09-14 15:54:19 | INFO | Sent message to topic 'coffee_sales': {'date': '2024-03-10', 'datetime': '2024-03-10 19:34:00.478', 'cash_type': 'card', 'card': 'ANON-0000-0000-0046', 'money': '38.7', 'coffee_name': 'Latte'}
2025-09-14 15:54:25 | INFO | Sent message to topic 'coffee_sales': {'date': '2024-03-10', 'datetime': '2024-03-10 19:35:54.712', 'cash_type': 'card', 'card': 'ANON-0000-0000-0046', 'money': '28.9', 'coffee_name': 'Cortado'}
2025-09-14 15:54:31 | INFO | Sent message to topic 'coffee_sales': {'date': '2024-03-11', 'datetime': '2024-03-11 10:18:46.724', 'cash_type': 'cash', 'card': '', 'money': '40.0', 'coffee_name': 'Latte'}
2025-09-14 15:54:37 | INFO | Sent message to topic 'coffee_sales': {'date': '2024-03-11', 'datetime': '2024-03-11 11:24:15.022', 'cash_type': 'cash', 'card': '', 'money': '40.0', 'coffee_name': 'Cappuccino'}
2025-09-14 15:54:43 | INFO | Sent message to topic 'coffee_sales': {'date': '2024-03-11', 'datetime': '2024-03-11 11:24:51.565', 'cash_type': 'cash', 'card': '', 'money': '30.0', 'coffee_name': 'Cortado'}
2025-09-14 15:54:49 | INFO | Sent message to topic 'coffee_sales': {'date': '2024-03-11', 'datetime': '2024-03-11 11:26:44.221', 'cash_type': 'cash', 'card': '', 'money': '30.0', 'coffee_name': 'Americano'}
2025-09-14 15:54:55 | INFO | Sent message to topic 'coffee_sales': {'date': '2024-03-11', 'datetime': '2024-03-11 11:32:58.781', 'cash_type': 'card', 'card': 'ANON-0000-0000-0035', 'money': '38.7', 'coffee_name': 'Cappuccino'}
2025-09-14 15:55:01 | INFO | Sent message to topic 'coffee_sales': {'date': '2024-03-11', 'datetime': '2024-03-11 16:24:26.401', 'cash_type': 'card', 'card': 'ANON-0000-0000-0047', 'money': '28.9', 'coffee_name': 'Americano'}
2025-09-14 15:55:07 | INFO | Sent message to topic 'coffee_sales': {'date': '2024-03-11', 'datetime': '2024-03-11 16:25:45.664', 'cash_type': 'card', 'card': 'ANON-0000-0000-0047', 'money': '38.7', 'coffee_name': 'Latte'}
2025-09-14 15:55:13 | INFO | Sent message to topic 'coffee_sales': {'date': '2024-03-11', 'datetime': '2024-03-11 16:50:49.608', 'cash_type': 'card', 'card': 'ANON-0000-0000-0048', 'money': '28.9', 'coffee_name': 'Cortado'}
2025-09-14 15:55:19 | INFO | Sent message to topic 'coffee_sales': {'date': '2024-03-12', 'datetime': '2024-03-12 10:15:00.297', 'cash_type': 'cash', 'card': '', 'money': '40.0', 'coffee_name': 'Latte'}
2025-09-14 15:55:25 | INFO | Sent message to topic 'coffee_sales': {'date': '2024-03-12', 'datetime': '2024-03-12 10:15:34.543', 'cash_type': 'card', 'card': 'ANON-0000-0000-0033', 'money': '28.9', 'coffee_name': 'Americano'}
2025-09-14 15:55:31 | INFO | Sent message to topic 'coffee_sales': {'date': '2024-03-12', 'datetime': '2024-03-12 10:16:24.886', 'cash_type': 'card', 'card': 'ANON-0000-0000-0033', 'money': '28.9', 'coffee_name': 'Cortado'}
2025-09-14 15:55:37 | INFO | Sent message to topic 'coffee_sales': {'date': '2024-03-12', 'datetime': '2024-03-12 11:20:45.632', 'cash_type': 'card', 'card': 'ANON-0000-0000-0049', 'money': '38.7', 'coffee_name': 'Hot Chocolate'}
2025-09-14 15:55:43 | INFO | Sent message to topic 'coffee_sales': {'date': '2024-03-12', 'datetime': '2024-03-12 12:46:23.275', 'cash_type': 'card', 'card': 'ANON-0000-0000-0004', 'money': '33.8', 'coffee_name': 'Americano with Milk'}
2025-09-14 15:55:49 | INFO | Sent message to topic 'coffee_sales': {'date': '2024-03-12', 'datetime': '2024-03-12 12:47:26.027', 'cash_type': 'card', 'card': 'ANON-0000-0000-0004', 'money': '28.9', 'coffee_name': 'Americano'}
2025-09-14 15:55:55 | INFO | Sent message to topic 'coffee_sales': {'date': '2024-03-12', 'datetime': '2024-03-12 16:15:43.325', 'cash_type': 'card', 'card': 'ANON-0000-0000-0050', 'money': '28.9', 'coffee_name': 'Americano'}
2025-09-14 15:56:01 | INFO | Sent message to topic 'coffee_sales': {'date': '2024-03-13', 'datetime': '2024-03-13 11:06:43.038', 'cash_type': 'card', 'card': 'ANON-0000-0000-0048', 'money': '38.7', 'coffee_name': 'Hot Chocolate'}
2025-09-14 15:56:07 | INFO | Sent message to topic 'coffee_sales': {'date': '2024-03-13', 'datetime': '2024-03-13 11:48:16.753', 'cash_type': 'card', 'card': 'ANON-0000-0000-0004', 'money': '28.9', 'coffee_name': 'Americano'}
2025-09-14 15:56:13 | INFO | Sent message to topic 'coffee_sales': {'date': '2024-03-13', 'datetime': '2024-03-13 12:18:06.336', 'cash_type': 'card', 'card': 'ANON-0000-0000-0051', 'money': '28.9', 'coffee_name': 'Americano'}
2025-09-14 15:56:19 | INFO | Sent message to topic 'coffee_sales': {'date': '2024-03-13', 'datetime': '2024-03-13 12:19:05.128', 'cash_type': 'card', 'card': 'ANON-0000-0000-0051', 'money': '28.9', 'coffee_name': 'Americano'}
2025-09-14 15:56:25 | INFO | Sent message to topic 'coffee_sales': {'date': '2024-03-13', 'datetime': '2024-03-13 12:34:30.315', 'cash_type': 'cash', 'card': '', 'money': '25.0', 'coffee_name': 'Espresso'}
