2025-09-14 15:56:31 | INFO | Sent message to topic 'coffee_sales': {'date': '2024-03-13', 'datetime': '2024-03-13 14:26:40.875', 'cash_type': 'card', 'card': 'ANON-0000-0000-0052', 'money': '33.8', 'coffee_name': 'Americano with Milk'}
2025-09-14 15:56:37 | INFO | Sent message to topic 'coffee_sales': {'date': '2024-03-13', 'datetime': '2024-03-13 15:40:22.261', 'cash_type': 'card', 'card': 'ANON-0000-0000-0053', 'money': '24.0', 'coffee_name': 'Espresso'}
2025-09-14 15:56:43 | INFO | Sent message to topic 'coffee_sales': {'date': '2024-03-13', 'datetime': '2024-03-13 15:41:20.424', 'cash_type': 'card', 'card': 'ANON-0000-0000-0053', 'money': '24.0', 'coffee_name': 'Espresso'}
2025-09-14 15:56:49 | INFO | Sent message to topic 'coffee_sales': {'date': '2024-03-13', 'datetime': '2024-03-13 16:47:09.373', 'cash_type': 'card', 'card': 'ANON-0000-0000-0054', 'money': '24.0', 'coffee_name': 'Espresso'}
2025-09-14 15:56:55 | INFO | Sent message to topic 'coffee_sales': {'date': '2024-03-14', 'datetime': '2024-03-14 10:02:12.241', 'cash_type': 'cash', 'card': '', 'money': '40.0', 'coffee_name': 'Latte'}
2025-09-14 15:57:01 | INFO | Sent message to topic 'coffee_sales': {'date': '2024-03-14', 'datetime': '2024-03-14 10:28:33.017', 'cash_type': 'card', 'card': 'ANON-0000-0000-0055', 'money': '38.7', 'coffee_name': 'Latte'}
2025-09-14 15:57:07 | INFO | Sent message to topic 'coffee_sales': {'date': '2024-03-14', 'datetime': '2024-03-14 10:29:34.283', 'cash_type': 'card', 'card': 'ANON-0000-0000-0055', 'money': '38.7', 'coffee_name': 'Hot Chocolate'}
2025-09-14 15:57:13 | INFO | Sent message to topic 'coffee_sales': {'date': '2024-03-14', 'datetime': '2024-03-14 13:27:29.536', 'cash_type': 'card', 'card': 'ANON-0000-0000-0012', 'money': '28.9', 'coffee_name': 'Cortado'}
2025-09-14 15:57:19 | INFO | Sent message to topic 'coffee_sales': {'date': '2024-03-14', 'datetime': '2024-03-14 13:28:24.527', 'cash_type': 'card', 'card': 'ANON-0000-0000-0012', 'money': '28.9', 'coffee_name': 'Americano'}
2025-09-14 15:57:25 | INFO | Sent message to topic 'coffee_sales': {'date': '2024-03-14', 'datetime': '2024-03-14 13:51:59.905', 'cash_type': 'card', 'card': 'ANON-0000-0000-0056', 'money': '33.8', 'coffee_name': 'Americano with Milk'}
2025-09-14 15:57:31 | INFO | Sent message to topic 'coffee_sales': {'date': '2024-03-14', 'datetime': '2024-03-14 13:52:56.248', 'cash_type': 'card', 'card': 'ANON-0000-0000-0057', 'money': '24.0', 'coffee_name': 'Espresso'}
2025-09-14 15:57:37 | INFO | Sent message to topic 'coffee_sales': {'date': '2024-03-14', 'datetime': '2024-03-14 15:20:38.367', 'cash_type': 'card', 'card': 'ANON-0000-0000-0058', 'money': '38.7', 'coffee_name': 'Latte'}
2025-09-14 15:57:43 | INFO | Sent message to topic 'coffee_sales': {'date': '2024-03-14', 'datetime': '2024-03-14 16:04:09.506', 'cash_type': 'card', 'card': 'ANON-0000-0000-0059', 'money': '33.8', 'coffee_name': 'Americano with Milk'}
2025-09-14 15:57:49 | INFO | Sent message to topic 'coffee_sales': {'date': '2024-03-14', 'datetime': '2024-03-14 16:54:38.202', 'cash_type': 'card', 'card': 'ANON-0000-0000-0050', 'money': '24.0', 'coffee_name': 'Espresso'}
2025-09-14 15:57:55 | INFO | Sent message to topic 'coffee_sales': {'date': '2024-03-14', 'datetime': '2024-03-14 18:58:55.854', 'cash_type': 'card', 'card': 'ANON-0000-0000-0019', 'money': '38.7', 'coffee_name': 'Hot Chocolate'}
2025-09-14 15:58:01 | INFO | Sent message to topic 'coffee_sales': {'date': '2024-03-14', 'datetime': '2024-03-14 19:00:08.663', 'cash_type': 'card', 'card': 'ANON-0000-0000-0012', 'money': '28.9', 'coffee_name': 'Cortado'}
2025-09-14 15:58:07 | INFO | Sent message to topic 'coffee_sales': {'date': '2024-03-15', 'datetime': '2024-03-15 10:02:16.533', 'cash_type': 'cash', 'card': '', 'money': '40.0', 'coffee_name': 'Latte'}
2025-09-14 15:58:13 | INFO | Sent message to topic 'coffee_sales': {'date': '2024-03-15', 'datetime': '2024-03-15 10:53:02.180', 'cash_type': 'card', 'card': 'ANON-0000-0000-0060', 'money': '38.7', 'coffee_name': 'Hot Chocolate'}
2025-09-14 15:58:19 | INFO | Sent message to topic 'coffee_sales': {'date': '2024-03-15', 'datetime': '2024-03-15 18:19:27.922', 'cash_type': 'card', 'card': 'ANON-0000-0000-0012', 'money': '28.9', 'coffee_name': 'Americano'}
2025-09-14 15:58:25 | INFO | Sent message to topic 'coffee_sales': {'date': '2024-03-16', 'datetime': '2024-03-16 12:06:55.209', 'cash_type': 'card', 'card': 'ANON-0000-0000-0061', 'money': '33.8', 'coffee_name': 'Americano with Milk'}
2025-09-14 15:58:31 | INFO | Sent message to topic 'coffee_sales': {'date': '2024-03-16', 'datetime': '2024-03-16 12:07:53.915', 'cash_type': 'card', 'card': 'ANON-0000-0000-0061', 'money': '28.9', 'coffee_name': 'Americano'}
2025-09-14 15:58:37 | INFO | Sent message to topic 'coffee_sales': {'date': '2024-03-16', 'datetime': '2024-03-16 15:58:18.458', 'cash_type': 'card', 'card': 'ANON-0000-0000-0009', 'money': '28.9', 'coffee_name': 'Cortado'}
2025-09-14 15:58:43 | INFO | Sent message to topic 'coffee_sales': {'date': '2024-03-16', 'datetime': '2024-03-16 16:03:21.738', 'cash_type': 'card', 'card': 'ANON-0000-0000-0009', 'money': '28.9', 'coffee_name': 'Cortado'}
2025-09-14 15:58:49 | INFO | Sent message to topic 'coffee_sales': {'date': '2024-03-16', 'datetime': '2024-03-16 16:04:11.444', 'cash_type': 'card', 'card': 'ANON-0000-0000-0012', 'money': '28.9', 'coffee_name': 'Cortado'}
2025-09-14 15:58:55 | INFO | Sent message to topic 'coffee_sales': {'date': '2024-03-16', 'datetime': '2024-03-16 17:58:07.241', 'cash_type': 'card', 'card': 'ANON-0000-0000-0062', 'money': '33.8', 'coffee_name': 'Americano with Milk'}
2025-09-14 15:59:01 | INFO | Sent message to topic 'coffee_sales': {'date': '2024-03-17', 'datetime': '2024-03-17 10:10:21.399', 'cash_type': 'cash', 'card': '', 'money': '40.0', 'coffee_name': 'Latte'}
2025-09-14 15:59:07 | INFO | Sent message to topic 'coffee_sales': {'date': '2024-03-17', 'datetime': '2024-03-17 12:55:26.065', 'cash_type': 'card', 'card': 'ANON-0000-0000-0063', 'money': '28.9', 'coffee_name': 'Cortado'}
2025-09-14 15:59:13 | INFO | Sent message to topic 'coffee_sales': {'date': '2024-03-18', 'datetime': '2024-03-18 11:17:59.671', 'cash_type': 'card', 'card': 'ANON-0000-0000-0064', 'money': '28.9', 'coffee_name': 'Cortado'}
2025-09-14 15:59:19 | INFO | Sent message to topic 'coffee_sales': {'date': '2024-03-18', 'datetime': '2024-03-18 15:31:39.725', 'cash_type': 'card', 'card': 'ANON-0000-0000-0003', 'money': '28.9', 'coffee_name': 'Americano'}
2025-09-14 15:59:25 | INFO | Sent message to topic 'coffee_sales': {'date': '2024-03-18', 'datetime': '2024-03-18 15:32:38.239', 'cash_type': 'card', 'card': 'ANON-0000-0000-0003', 'money': '28.9', 'coffee_name': 'Americano'}
2025-09-14 15:59:31 | INFO | Sent message to topic 'coffee_sales': {'date': '2024-03-18', 'datetime': '2024-03-18 15:33:36.708', 'cash_type': 'card', 'card': 'ANON-0000-0000-0003', 'money': '28.9', 'coffee_name': 'Americano'}
2025-09-14 15:59:37 | INFO | Sent message to topic 'coffee_sales': {'date': '2024-03-19', 'datetime': '2024-03-19 10:20:25.996', 'cash_type': 'cash', 'card': '', 'money': '30.0', 'coffee_name': 'Cortado'}
2025-09-14 15:59:43 | INFO | Sent message to topic 'coffee_sales': {'date': '2024-03-19', 'datetime': '2024-03-19 14:02:21.536', 'cash_type': 'card', 'card': 'ANON-0000-0000-0065', 'money': '38.7', 'coffee_name': 'Latte'}
2025-09-14 15:59:49 | INFO | Sent message to topic 'coffee_sales': {'date': '2024-03-19', 'datetime': '2024-03-19 14:03:19.765', 'cash_type': 'card', 'card': 'ANON-0000-0000-0065', 'money': '38.7', 'coffee_name': 'Latte'}
2025-09-14 15:59:55 | INFO | Sent message to topic 'coffee_sales': {'date': '2024-03-19', 'datetime': '2024-03-19 15:04:36.309', 'cash_type': 'card', 'card': 'ANON-0000-0000-0049', 'money': '38.7', 'coffee_name': 'Hot Chocolate'}
2025-09-14 16:00:01 | INFO | Sent message to topic 'coffee_sales': {'date': '2024-03-19', 'datetime': '2024-03-19 16:53:48.706', 'cash_type': 'card', 'card': 'ANON-0000-0000-0066', 'money': '33.8', 'coffee_name': 'Americano with Milk'}
2025-09-14 16:00:07 | INFO | Sent message to topic 'coffee_sales': {'date': '2024-03-19', 'datetime': '2024-03-19 19:26:32.677', 'cash_type': 'cash', 'card': '', 'money': '40.0', 'coffee_name': 'Hot Chocolate'}
2025-09-14 16:00:13 | INFO | Sent message to topic 'coffee_sales': {'date': '2024-03-20', 'datetime': '2024-03-20 11:41:16.403', 'cash_type': 'card', 'card': 'ANON-0000-0000-0012', 'money': '28.9', 'coffee_name': 'Cortado'}
2025-09-14 16:00:19 | INFO | Sent message to topic 'coffee_sales': {'date': '2024-03-20', 'datetime': '2024-03-20 12:21:07.728', 'cash_type': 'cash', 'card': '', 'money': '40.0', 'coffee_name': 'Latte'}
2025-09-14 16:00:25 | INFO | Sent message to topic 'coffee_sales': {'date': '2024-03-20', 'datetime': '2024-03-20 12:30:48.968', 'cash_type': 'card', 'card': 'ANON-0000-0000-0049', 'money': '28.9', 'coffee_name': 'Cortado'}
2025-09-14 16:00:31 | INFO | Sent message to topic 'coffee_sales': {'date': '2024-03-20', 'datetime': '2024-03-20 13:16:47.394', 'cash_type': 'card', 'card': 'ANON-0000-0000-0067', 'money': '38.7', 'coffee_name': 'Cappuccino'}
2025-09-14 16:00:37 | INFO | Sent message to topic 'coffee_sales': {'date': '2024-03-20', 'datetime': '2024-03-20 16:42:38.117', 'cash_type': 'card', 'card': 'ANON-0000-0000-0050', 'money': '38.7', 'coffee_name': 'Cocoa'}
2025-09-14 16:00:43 | INFO | Sent message to topic 'coffee_sales': {'date': '2024-03-20', 'datetime': '2024-03-20 17:50:28.781', 'cash_type': 'card', 'card': 'ANON-0000-0000-0068', 'money': '38.7', 'coffee_name': 'Latte'}
2025-09-14 16:00:49 | INFO | Sent message to topic 'coffee_sales': {'date': '2024-03-21', 'datetime': '2024-03-21 10:18:56.977', 'cash_type': 'cash', 'card': '', 'money': '40.0', 'coffee_name': 'Cappuccino'}
2025-09-14 16:00:55 | INFO | Sent message to topic 'coffee_sales': {'date': '2024-03-21', 'datetime': '2024-03-21 12:25:09.194', 'cash_type': 'card', 'card': 'ANON-0000-0000-0012', 'money': '28.9', 'coffee_name': 'Cortado'}
2025-09-14 16:01:01 | INFO | Sent message to topic 'coffee_sales': {'date': '2024-03-21', 'datetime': '2024-03-21 12:26:17.428', 'cash_type': 'card', 'card': 'ANON-0000-0000-0012', 'money': '38.7', 'coffee_name': 'Cappuccino'}
2025-09-14 16:01:07 | INFO | Sent message to topic 'coffee_sales': {'date': '2024-03-21', 'datetime': '2024-03-21 17:21:01.453', 'cash_type': 'cash', 'card': '', 'money': '30.0', 'coffee_name': 'Americano'}
2025-09-14 16:01:13 | INFO | Sent message to topic 'coffee_sales': {'date': '2024-03-21', 'datetime': '2024-03-21 17:22:01.353', 'cash_type': 'card', 'card': 'ANON-0000-0000-0012', 'money': '28.9', 'coffee_name': 'Cortado'}
2025-09-14 16:01:19 | INFO | Sent message to topic 'coffee_sales': {'date': '2024-03-21', 'datetime': '2024-03-21 19:20:36.508', 'cash_type': 'card', 'card': 'ANON-0000-0000-0069', 'money': '38.7', 'coffee_name': 'Latte'}
2025-09-14 16:01:25 | INFO | Sent message to topic 'coffee_sales': {'date': '2024-03-22', 'datetime': '2024-03-22 10:35:53.619', 'cash_type': 'card', 'card': 'ANON-0000-0000-0070', 'money': '33.8', 'coffee_name': 'Americano with Milk'}
2025-09-14 16:01:31 | INFO | Sent message to topic 'coffee_sales': {'date': '2024-03-22', 'datetime': '2024-03-22 13:29:20.343', 'cash_type': 'card', 'card': 'ANON-0000-0000-0071', 'money': '33.8', 'coffee_name': 'Americano with Milk'}
2025-09-14 16:01:37 | INFO | Sent message to topic 'coffee_sales': {'date': '2024-03-22', 'datetime': '2024-03-22 16:15:14.448', 'cash_type': 'cash', 'card': '', 'money': '40.0', 'coffee_name': 'Cappuccino'}
2025-09-14 16:01:43 | INFO | Sent message to topic 'coffee_sales': {'date': '2024-03-22', 'datetime': '2024-03-22 17:17:03.724', 'cash_type': 'card', 'card': 'ANON-0000-0000-0012', 'money': '28.9', 'coffee_name': 'Americano'}
2025-09-14 16:01:49 | INFO | Sent message to topic 'coffee_sales': {'date': '2024-03-22', 'datetime': '2024-03-22 17:17:58.991', 'cash_type': 'card', 'card': 'ANON-0000-0000-0012', 'money': '24.0', 'coffee_name': 'Espresso'}
2025-09-14 16:01:55 | INFO | Sent message to topic 'coffee_sales': {'date': '2024-03-22', 'datetime': '2024-03-22 17:20:49.490', 'cash_type': 'card', 'card': 'ANON-0000-0000-0050', 'money': '28.9', 'coffee_name': 'Americano'}
2025-09-14 16:02:01 | INFO | Sent message to topic 'coffee_sales': {'date': '2024-03-23', 'datetime': '2024-03-23 10:43:59.559', 'cash_type': 'card', 'card': 'ANON-0000-0000-0072', 'money': '38.7', 'coffee_name': 'Latte'}
2025-09-14 16:02:07 | INFO | Sent message to topic 'coffee_sales': {'date': '2024-03-23', 'datetime': '2024-03-23 10:45:07.157', 'cash_type': 'card', 'card': 'ANON-0000-0000-0073', 'money': '33.8', 'coffee_name': 'Americano with Milk'}
2025-09-14 16:02:13 | INFO | Sent message to topic 'coffee_sales': {'date': '2024-03-23', 'datetime': '2024-03-23 13:10:07.661', 'cash_type': 'card', 'card': 'ANON-0000-0000-0074', 'money': '38.7', 'coffee_name': 'Cappuccino'}
2025-09-14 16:02:19 | INFO | Sent message to topic 'coffee_sales': {'date': '2024-03-23', 'datetime': '2024-03-23 13:11:12.230', 'cash_type': 'card', 'card': 'ANON-0000-0000-0074', 'money': '38.7', 'coffee_name': 'Cocoa'}
2025-09-14 16:02:25 | INFO | Sent message to topic 'coffee_sales': {'date': '2024-03-23', 'datetime': '2024-03-23 14:44:41.276', 'cash_type': 'card', 'card': 'ANON-0000-0000-0075', 'money': '33.8', 'coffee_name': 'Americano with Milk'}
2025-09-14 16:02:31 | INFO | Sent message to topic 'coffee_sales': {'date': '2024-03-23', 'datetime': '2024-03-23 15:47:19.062', 'cash_type': 'card', 'card': 'ANON-0000-0000-0076', 'money': '38.7', 'coffee_name': 'Latte'}
2025-09-14 16:02:37 | INFO | Sent message to topic 'coffee_sales': {'date': '2024-03-23', 'datetime': '2024-03-23 15:49:33.813', 'cash_type': 'card', 'card': 'ANON-0000-0000-0076', 'money': '33.8', 'coffee_name': 'Americano with Milk'}
2025-09-14 16:02:43 | INFO | Sent message to topic 'coffee_sales': {'date': '2024-03-23', 'datetime': '2024-03-23 16:00:58.386', 'cash_type': 'card', 'card': 'ANON-0000-0000-0009', 'money': '28.9', 'coffee_name': 'Cortado'}
2025-09-14 16:02:50 | INFO | Sent message to topic 'coffee_sales': {'date': '2024-03-24', 'datetime': '2024-03-24 10:03:56.005', 'cash_type': 'cash', 'card': '', 'money': '40.0', 'coffee_name': 'Latte'}
2025-09-14 16:02:56 | INFO | Sent message to topic 'coffee_sales': {'date': '2024-03-24', 'datetime': '2024-03-24 18:45:08.397', 'cash_type': 'card', 'card': 'ANON-0000-0000-0077', 'money': '38.7', 'coffee_name': 'Latte'}
2025-09-14 16:03:02 | INFO | Sent message to topic 'coffee_sales': {'date': '2024-03-25', 'datetime': '2024-03-25 10:31:47.250', 'cash_type': 'card', 'card': 'ANON-0000-0000-0009', 'money': '38.7', 'coffee_name': 'Latte'}
2025-09-14 16:03:08 | INFO | Sent message to topic 'coffee_sales': {'date': '2024-03-25', 'datetime': '2024-03-25 11:16:25.671', 'cash_type': 'cash', 'card': '', 'money': '35.0', 'coffee_name': 'Americano with Milk'}
2025-09-14 16:03:14 | INFO | Sent message to topic 'coffee_sales': {'date': '2024-03-25', 'datetime': '2024-03-25 14:27:09.163', 'cash_type': 'card', 'card': 'ANON-0000-0000-0078', 'money': '38.7', 'coffee_name': 'Latte'}
2025-09-14 16:03:20 | INFO | Sent message to topic 'coffee_sales': {'date': '2024-03-25', 'datetime': '2024-03-25 14:29:25.343', 'cash_type': 'card', 'card': 'ANON-0000-0000-0017', 'money': '38.7', 'coffee_name': 'Latte'}
2025-09-14 16:03:26 | INFO | Sent message to topic 'coffee_sales': {'date': '2024-03-25', 'datetime': '2024-03-25 18:37:30.650', 'cash_type': 'card', 'card': 'ANON-0000-0000-0024', 'money': '33.8', 'coffee_name': 'Americano with Milk'}
2025-09-14 16:03:32 | INFO | Sent message to topic 'coffee_sales': {'date': '2024-03-25', 'datetime': '2024-03-25 19:34:24.542', 'cash_type': 'card', 'card': 'ANON-0000-0000-0079', 'money': '38.7', 'coffee_name': 'Cappuccino'}
2025-09-14 16:03:38 | INFO | Sent message to topic 'coffee_sales': {'date': '2024-03-26', 'datetime': '2024-03-26 10:35:49.679', 'cash_type': 'card', 'card': 'ANON-0000-0000-0055', 'money': '38.7', 'coffee_name': 'Cocoa'}
2025-09-14 16:03:44 | INFO | Sent message to topic 'coffee_sales': {'date': '2024-03-26', 'datetime': '2024-03-26 10:36:36.151', 'cash_type': 'card', 'card': 'ANON-0000-0000-0055', 'money': '38.7', 'coffee_name': 'Latte'}
2025-09-14 16:03:50 | INFO | Sent message to topic 'coffee_sales': {'date': '2024-03-26', 'datetime': '2024-03-26 10:42:30.170', 'cash_type': 'card', 'card': 'ANON-0000-0000-0080', 'money': '38.7', 'coffee_name': 'Latte'}
2025-09-14 16:03:56 | INFO | Sent message to topic 'coffee_sales': {'date': '2024-03-26', 'datetime': '2024-03-26 11:11:47.335', 'cash_type': 'card', 'card': 'ANON-0000-0000-0009', 'money': '28.9', 'coffee_name': 'Cortado'}
2025-09-14 16:04:02 | INFO | Sent message to topic 'coffee_sales': {'date': '2024-03-26', 'datetime': '2024-03-26 13:35:52.773', 'cash_type': 'card', 'card': 'ANON-0000-0000-0003', 'money': '28.9', 'coffee_name': 'Americano'}
2025-09-14 16:04:08 | INFO | Sent message to topic 'coffee_sales': {'date': '2024-03-26', 'datetime': '2024-03-26 13:36:49.644', 'cash_type': 'card', 'card': 'ANON-0000-0000-0032', 'money': '28.9', 'coffee_name': 'Cortado'}
2025-09-14 16:04:14 | INFO | Sent message to topic 'coffee_sales': {'date': '2024-03-26', 'datetime': '2024-03-26 13:37:59.723', 'cash_type': 'card', 'card': 'ANON-0000-0000-0059', 'money': '28.9', 'coffee_name': 'Cortado'}
2025-09-14 16:04:20 | INFO | Sent message to topic 'coffee_sales': {'date': '2024-03-26', 'datetime': '2024-03-26 13:57:53.677', 'cash_type': 'card', 'card': 'ANON-0000-0000-0050', 'money': '28.9', 'coffee_name': 'Americano'}
2025-09-14 16:04:26 | INFO | Sent message to topic 'coffee_sales': {'date': '2024-03-26', 'datetime': '2024-03-26 15:48:02.270', 'cash_type': 'card', 'card': 'ANON-0000-0000-0081', 'money': '38.7', 'coffee_name': 'Latte'}
2025-09-14 16:04:32 | INFO | Sent message to topic 'coffee_sales': {'date': '2024-03-26', 'datetime': '2024-03-26 18:33:38.568', 'cash_type': 'card', 'card': 'ANON-0000-0000-0024', 'money': '38.7', 'coffee_name': 'Latte'}
2025-09-14 16:04:38 | INFO | Sent message to topic 'coffee_sales': {'date': '2024-03-26', 'datetime': '2024-03-26 18:34:54.648', 'cash_type': 'card', 'card': 'ANON-0000-0000-0009', 'money': '38.7', 'coffee_name': 'Hot Chocolate'}
2025-09-14 16:04:44 | INFO | Sent message to topic 'coffee_sales': {'date': '2024-03-27', 'datetime': '2024-03-27 11:04:51.174', 'cash_type': 'card', 'card': 'ANON-0000-0000-0003', 'money': '28.9', 'coffee_name': 'Cortado'}
2025-09-14 16:04:50 | INFO | Sent message to topic 'coffee_sales': {'date': '2024-03-27', 'datetime': '2024-03-27 11:05:58.236', 'cash_type': 'card', 'card': 'ANON-0000-0000-0003', 'money': '33.8', 'coffee_name': 'Americano with Milk'}
2025-09-14 16:04:56 | INFO | Sent message to topic 'coffee_sales': {'date': '2024-03-27', 'datetime': '2024-03-27 12:57:00.462', 'cash_type': 'card', 'card': 'ANON-0000-0000-0082', 'money': '33.8', 'coffee_name': 'Americano with Milk'}
2025-09-14 16:05:02 | INFO | Sent message to topic 'coffee_sales': {'date': '2024-03-27', 'datetime': '2024-03-27 13:35:20.039', 'cash_type': 'card', 'card': 'ANON-0000-0000-0083', 'money': '38.7', 'coffee_name': 'Hot Chocolate'}
2025-09-14 16:05:08 | INFO | Sent message to topic 'coffee_sales': {'date': '2024-03-27', 'datetime': '2024-03-27 14:22:31.662', 'cash_type': 'card', 'card': 'ANON-0000-0000-0012', 'money': '38.7', 'coffee_name': 'Cappuccino'}
2025-09-14 16:05:14 | INFO | Sent message to topic 'coffee_sales': {'date': '2024-03-27', 'datetime': '2024-03-27 14:23:35.380', 'cash_type': 'card', 'card': 'ANON-0000-0000-0012', 'money': '28.9', 'coffee_name': 'Americano'}
2025-09-14 16:05:20 | INFO | Sent message to topic 'coffee_sales': {'date': '2024-03-27', 'datetime': '2024-03-27 18:30:11.833', 'cash_type': 'card', 'card': 'ANON-0000-0000-0084', 'money': '28.9', 'coffee_name': 'Cortado'}
2025-09-14 16:05:26 | INFO | Sent message to topic 'coffee_sales': {'date': '2024-03-27', 'datetime': '2024-03-27 19:31:12.442', 'cash_type': 'cash', 'card': '', 'money': '40.0', 'coffee_name': 'Latte'}
2025-09-14 16:05:32 | INFO | Sent message to topic 'coffee_sales': {'date': '2024-03-28', 'datetime': '2024-03-28 14:24:47.092', 'cash_type': 'card', 'card': 'ANON-0000-0000-0085', 'money': '28.9', 'coffee_name': 'Cortado'}
2025-09-14 16:05:38 | INFO | Sent message to topic 'coffee_sales': {'date': '2024-03-28', 'datetime': '2024-03-28 17:24:46.244', 'cash_type': 'card', 'card': 'ANON-0000-0000-0012', 'money': '28.9', 'coffee_name': 'Cortado'}
2025-09-14 16:05:44 | INFO | Sent message to topic 'coffee_sales': {'date': '2024-03-28', 'datetime': '2024-03-28 17:27:05.304', 'cash_type': 'card', 'card': 'ANON-0000-0000-0012', 'money': '28.9', 'coffee_name': 'Americano'}
2025-09-14 16:05:50 | INFO | Sent message to topic 'coffee_sales': {'date': '2024-03-28', 'datetime': '2024-03-28 17:32:44.652', 'cash_type': 'card', 'card': 'ANON-0000-0000-0086', 'money': '38.7', 'coffee_name': 'Latte'}
2025-09-14 16:05:56 | INFO | Sent message to topic 'coffee_sales': {'date': '2024-03-29', 'datetime': '2024-03-29 10:56:19.495', 'cash_type': 'card', 'card': 'ANON-0000-0000-0087', 'money': '38.7', 'coffee_name': 'Latte'}
2025-09-14 16:06:02 | INFO | Sent message to topic 'coffee_sales': {'date': '2024-03-29', 'datetime': '2024-03-29 12:34:17.383', 'cash_type': 'card', 'card': 'ANON-0000-0000-0088', 'money': '38.7', 'coffee_name': 'Cappuccino'}
2025-09-14 16:06:08 | INFO | Sent message to topic 'coffee_sales': {'date': '2024-03-29', 'datetime': '2024-03-29 12:41:32.125', 'cash_type': 'card', 'card': 'ANON-0000-0000-0088', 'money': '38.7', 'coffee_name': 'Cappuccino'}
2025-09-14 16:06:14 | INFO | Sent message to topic 'coffee_sales': {'date': '2024-03-29', 'datetime': '2024-03-29 13:22:44.618', 'cash_type': 'cash', 'card': '', 'money': '40.0', 'coffee_name': 'Cappuccino'}
2025-09-14 16:06:20 | INFO | Sent message to topic 'coffee_sales': {'date': '2024-03-30', 'datetime': '2024-03-30 11:59:19.854', 'cash_type': 'card', 'card': 'ANON-0000-0000-0069', 'money': '38.7', 'coffee_name': 'Latte'}
2025-09-14 16:06:26 | INFO | Sent message to topic 'coffee_sales': {'date': '2024-03-30', 'datetime': '2024-03-30 13:49:25.815', 'cash_type': 'cash', 'card': '', 'money': '40.0', 'coffee_name': 'Cappuccino'}
2025-09-14 16:06:32 | INFO | Sent message to topic 'coffee_sales': {'date': '2024-03-30', 'datetime': '2024-03-30 16:12:31.786', 'cash_type': 'card', 'card': 'ANON-0000-0000-0017', 'money': '38.7', 'coffee_name': 'Latte'}
2025-09-14 16:06:38 | INFO | Sent message to topic 'coffee_sales': {'date': '2024-03-30', 'datetime': '2024-03-30 16:36:40.513', 'cash_type': 'card', 'card': 'ANON-0000-0000-0009', 'money': '38.7', 'coffee_name': 'Latte'}
2025-09-14 16:06:44 | INFO | Sent message to topic 'coffee_sales': {'date': '2024-03-30', 'datetime': '2024-03-30 16:37:57.553', 'cash_type': 'card', 'card': 'ANON-0000-0000-0009', 'money': '33.8', 'coffee_name': 'Americano with Milk'}
2025-09-14 16:06:50 | INFO | Sent message to topic 'coffee_sales': {'date': '2024-03-31', 'datetime': '2024-03-31 10:40:04.523', 'cash_type': 'card', 'card': 'ANON-0000-0000-0089', 'money': '38.7', 'coffee_name': 'Cappuccino'}
2025-09-14 16:06:56 | INFO | Sent message to topic 'coffee_sales': {'date': '2024-03-31', 'datetime': '2024-03-31 19:36:45.000', 'cash_type': 'cash', 'card': '', 'money': '30.0', 'coffee_name': 'Americano'}
2025-09-14 16:07:02 | INFO | Sent message to topic 'coffee_sales': {'date': '2024-04-01', 'datetime': '2024-04-01 10:28:47.601', 'cash_type': 'card', 'card': 'ANON-0000-0000-0004', 'money': '28.9', 'coffee_name': 'Americano'}
2025-09-14 16:07:08 | INFO | Sent message to topic 'coffee_sales': {'date': '2024-04-01', 'datetime': '2024-04-01 10:29:42.318', 'cash_type': 'card', 'card': 'ANON-0000-0000-0004', 'money': '33.8', 'coffee_name': 'Americano with Milk'}
2025-09-14 16:07:14 | INFO | Sent message to topic 'coffee_sales': {'date': '2024-04-01', 'datetime': '2024-04-01 10:30:43.735', 'cash_type': 'card', 'card': 'ANON-0000-0000-0004', 'money': '33.8', 'coffee_name': 'Americano with Milk'}
2025-09-14 16:07:20 | INFO | Sent message to topic 'coffee_sales': {'date': '2024-04-01', 'datetime': '2024-04-01 11:15:43.836', 'cash_type': 'card', 'card': 'ANON-0000-0000-0009', 'money': '33.8', 'coffee_name': 'Americano with Milk'}
2025-09-14 16:07:26 | INFO | Sent message to topic 'coffee_sales': {'date': '2024-04-01', 'datetime': '2024-04-01 17:01:42.924', 'cash_type': 'cash', 'card': '', 'money': '40.0', 'coffee_name': 'Cappuccino'}
2025-09-14 16:07:32 | INFO | Sent message to topic 'coffee_sales': {'date': '2024-04-01', 'datetime': '2024-04-01 18:18:42.372', 'cash_type': 'card', 'card': 'ANON-0000-0000-0024', 'money': '33.8', 'coffee_name': 'Americano with Milk'}
2025-09-14 16:07:38 | INFO | Sent message to topic 'coffee_sales': {'date': '2024-04-01', 'datetime': '2024-04-01 18:45:27.436', 'cash_type': 'card', 'card': 'ANON-0000-0000-0090', 'money': '38.7', 'coffee_name': 'Hot Chocolate'}
2025-09-14 16:07:44 | INFO | Sent message to topic 'coffee_sales': {'date': '2024-04-02', 'datetime': '2024-04-02 10:01:14.022', 'cash_type': 'card', 'card': 'ANON-0000-0000-0001', 'money': '38.7', 'coffee_name': 'Latte'}
2025-09-14 16:07:50 | INFO | Sent message to topic 'coffee_sales': {'date': '2024-04-02', 'datetime': '2024-04-02 16:18:34.169', 'cash_type': 'card', 'card': 'ANON-0000-0000-0003', 'money': '28.9', 'coffee_name': 'Americano'}
2025-09-14 16:07:56 | INFO | Sent message to topic 'coffee_sales': {'date': '2024-04-02', 'datetime': '2024-04-02 16:19:28.460', 'cash_type': 'card', 'card': 'ANON-0000-0000-0003', 'money': '28.9', 'coffee_name': 'Cortado'}
2025-09-14 16:08:02 | INFO | Sent message to topic 'coffee_sales': {'date': '2024-04-02', 'datetime': '2024-04-02 19:59:31.942', 'cash_type': 'cash', 'card': '', 'money': '40.0', 'coffee_name': 'Cappuccino'}
2025-09-14 16:08:08 | INFO | Sent message to topic 'coffee_sales': {'date': '2024-04-03', 'datetime': '2024-04-03 10:19:13.644', 'cash_type': 'card', 'card': 'ANON-0000-0000-0003', 'money': '28.9', 'coffee_name': 'Cortado'}
2025-09-14 16:08:14 | INFO | Sent message to topic 'coffee_sales': {'date': '2024-04-03', 'datetime': '2024-04-03 10:20:07.655', 'cash_type': 'card', 'card': 'ANON-0000-0000-0003', 'money': '28.9', 'coffee_name': 'Americano'}
2025-09-14 16:08:20 | INFO | Sent message to topic 'coffee_sales': {'date': '2024-04-03', 'datetime': '2024-04-03 13:12:05.367', 'cash_type': 'card', 'card': 'ANON-0000-0000-0012', 'money': '38.7', 'coffee_name': 'Cappuccino'}
2025-09-14 16:08:26 | INFO | Sent message to topic 'coffee_sales': {'date': '2024-04-03', 'datetime': '2024-04-03 15:36:11.735', 'cash_type': 'cash', 'card': '', 'money': '30.0', 'coffee_name': 'Cortado'}
2025-09-14 16:08:32 | INFO | Sent message to topic 'coffee_sales': {'date': '2024-04-04', 'datetime': '2024-04-04 10:44:55.988', 'cash_type': 'card', 'card': 'ANON-0000-0000-0091', 'money': '38.7', 'coffee_name': 'Latte'}
2025-09-14 16:08:38 | INFO | Sent message to topic 'coffee_sales': {'date': '2024-04-04', 'datetime': '2024-04-04 11:26:38.085', 'cash_type': 'card', 'card': 'ANON-0000-0000-0092', 'money': '38.7', 'coffee_name': 'Latte'}
2025-09-14 16:08:44 | INFO | Sent message to topic 'coffee_sales': {'date': '2024-04-04', 'datetime': '2024-04-04 11:27:48.411', 'cash_type': 'card', 'card': 'ANON-0000-0000-0093', 'money': '38.7', 'coffee_name': 'Cappuccino'}
2025-09-14 16:08:50 | INFO | Sent message to topic 'coffee_sales': {'date': '2024-04-04', 'datetime': '2024-04-04 12:23:02.216', 'cash_type': 'card', 'card': 'ANON-0000-0000-0094', 'money': '28.9', 'coffee_name': 'Cortado'}
2025-09-14 16:08:56 | INFO | Sent message to topic 'coffee_sales': {'date': '2024-04-04', 'datetime': '2024-04-04 19:42:07.740', 'cash_type': 'cash', 'card': '', 'money': '40.0', 'coffee_name': 'Latte'}
2025-09-14 16:09:02 | INFO | Sent message to topic 'coffee_sales': {'date': '2024-04-05', 'datetime': '2024-04-05 10:40:42.728', 'cash_type': 'card', 'card': 'ANON-0000-0000-0095', 'money': '28.9', 'coffee_name': 'Americano'}
2025-09-14 16:09:08 | INFO | Sent message to topic 'coffee_sales': {'date': '2024-04-05', 'datetime': '2024-04-05 10:42:06.204', 'cash_type': 'card', 'card': 'ANON-0000-0000-0012', 'money': '28.9', 'coffee_name': 'Americano'}
2025-09-14 16:09:14 | INFO | Sent message to topic 'coffee_sales': {'date': '2024-04-05', 'datetime': '2024-04-05 11:06:14.643', 'cash_type': 'card', 'card': 'ANON-0000-0000-0096', 'money': '28.9', 'coffee_name': 'Cortado'}
2025-09-14 16:09:20 | INFO | Sent message to topic 'coffee_sales': {'date': '2024-04-05', 'datetime': '2024-04-05 12:14:27.975', 'cash_type': 'card', 'card': 'ANON-0000-0000-0097', 'money': '33.8', 'coffee_name': 'Americano with Milk'}
2025-09-14 16:09:26 | INFO | Sent message to topic 'coffee_sales': {'date': '2024-04-05', 'datetime': '2024-04-05 14:23:40.387', 'cash_type': 'card', 'card': 'ANON-0000-0000-0098', 'money': '38.7', 'coffee_name': 'Latte'}
2025-09-14 16:09:32 | INFO | Sent message to topic 'coffee_sales': {'date': '2024-04-05', 'datetime': '2024-04-05 14:24:50.417', 'cash_type': 'card', 'card': 'ANON-0000-0000-0098', 'money': '28.9', 'coffee_name': 'Cortado'}
2025-09-14 16:09:38 | INFO | Sent message to topic 'coffee_sales': {'date': '2024-04-05', 'datetime': '2024-04-05 15:30:50.383', 'cash_type': 'cash', 'card': '', 'money': '40.0', 'coffee_name': 'Latte'}
2025-09-14 16:09:44 | INFO | Sent message to topic 'coffee_sales': {'date': '2024-04-05', 'datetime': '2024-04-05 15:54:15.768', 'cash_type': 'cash', 'card': '', 'money': '40.0', 'coffee_name': 'Cappuccino'}
2025-09-14 16:09:50 | INFO | Sent message to topic 'coffee_sales': {'date': '2024-04-05', 'datetime': '2024-04-05 15:55:30.947', 'cash_type': 'cash', 'card': '', 'money': '30.0', 'coffee_name': 'Americano'}
2025-09-14 16:09:56 | INFO | Sent message to topic 'coffee_sales': {'date': '2024-04-05', 'datetime': '2024-04-05 16:17:43.975', 'cash_type': 'cash', 'card': '', 'money': '40.0', 'coffee_name': 'Cocoa'}
2025-09-14 16:10:02 | INFO | Sent message to topic 'coffee_sales': {'date': '2024-04-05', 'datetime': '2024-04-05 16:18:23.558', 'cash_type': 'card', 'card': 'ANON-0000-0000-0003', 'money': '24.0', 'coffee_name': 'Espresso'}
2025-09-14 16:10:08 | INFO | Sent message to topic 'coffee_sales': {'date': '2024-04-06', 'datetime': '2024-04-06 12:32:31.398', 'cash_type': 'card', 'card': 'ANON-0000-0000-0099', 'money': '33.8', 'coffee_name': 'Americano with Milk'}
2025-09-14 16:10:14 | INFO | Sent message to topic 'coffee_sales': {'date': '2024-04-06', 'datetime': '2024-04-06 14:13:18.733', 'cash_type': 'card', 'card': 'ANON-0000-0000-0040', 'money': '38.7', 'coffee_name': 'Cappuccino'}
2025-09-14 16:10:20 | INFO | Sent message to topic 'coffee_sales': {'date': '2024-04-06', 'datetime': '2024-04-06 14:14:27.029', 'cash_type': 'card', 'card': 'ANON-0000-0000-0040', 'money': '28.9', 'coffee_name': 'Americano'}
2025-09-14 16:10:26 | INFO | Sent message to topic 'coffee_sales': {'date': '2024-04-06', 'datetime': '2024-04-06 14:49:50.183', 'cash_type': 'card', 'card': 'ANON-0000-0000-0009', 'money': '38.7', 'coffee_name': 'Latte'}
2025-09-14 16:10:32 | INFO | Sent message to topic 'coffee_sales': {'date': '2024-04-07', 'datetime': '2024-04-07 10:12:53.204', 'cash_type': 'card', 'card': 'ANON-0000-0000-0091', 'money': '38.7', 'coffee_name': 'Latte'}
2025-09-14 16:10:38 | INFO | Sent message to topic 'coffee_sales': {'date': '2024-04-07', 'datetime': '2024-04-07 12:44:31.936', 'cash_type': 'card', 'card': 'ANON-0000-0000-0040', 'money': '38.7', 'coffee_name': 'Cappuccino'}
2025-09-14 16:10:44 | INFO | Sent message to topic 'coffee_sales': {'date': '2024-04-07', 'datetime': '2024-04-07 12:46:05.118', 'cash_type': 'card', 'card': 'ANON-0000-0000-0040', 'money': '38.7', 'coffee_name': 'Cappuccino'}
2025-09-14 16:10:50 | INFO | Sent message to topic 'coffee_sales': {'date': '2024-04-07', 'datetime': '2024-04-07 14:16:24.949', 'cash_type': 'card', 'card': 'ANON-0000-0000-0100', 'money': '28.9', 'coffee_name': 'Cortado'}
2025-09-14 16:10:56 | INFO | Sent message to topic 'coffee_sales': {'date': '2024-04-07', 'datetime': '2024-04-07 14:17:30.628', 'cash_type': 'card', 'card': 'ANON-0000-0000-0100', 'money': '24.0', 'coffee_name': 'Espresso'}
2025-09-14 16:11:02 | INFO | Sent message to topic 'coffee_sales': {'date': '2024-04-07', 'datetime': '2024-04-07 18:01:16.608', 'cash_type': 'card', 'card': 'ANON-0000-0000-0101', 'money': '38.7', 'coffee_name': 'Hot Chocolate'}
2025-09-14 16:11:05 | WARNING | Producer interrupted by user.
2025-09-14 16:11:05 | INFO | Kafka producer closed.
2025-09-14 16:11:05 | INFO | END producer.
