2025-09-09 14:38:39 | INFO | Updated author counts: {'Bob': 10, 'Diana': 11, 'Alice': 12, 'Charlie': 8, 'Eve': 4}
2025-09-09 14:38:39 | INFO | Processed JSON message: {'message': 'I love Python!', 'author': 'Diana'}
2025-09-09 14:38:39 | INFO | Sent message to topic 'buzzline_json': {'message': 'I love Python!', 'author': 'Eve'}
2025-09-09 14:38:39 | INFO | Message received from author: Diana
2025-09-09 14:38:39 | INFO | Updated author counts: {'Bob': 10, 'Diana': 12, 'Alice': 12, 'Charlie': 8, 'Eve': 4}
2025-09-09 14:38:39 | INFO | Processed JSON message: {'message': 'Streaming data is fun.', 'author': 'Diana'}
2025-09-09 14:38:39 | INFO | Message received from author: Diana
2025-09-09 14:38:39 | INFO | Updated author counts: {'Bob': 10, 'Diana': 13, 'Alice': 12, 'Charlie': 8, 'Eve': 4}
2025-09-09 14:38:39 | INFO | Processed JSON message: {'message': 'Data engineering is my passion.', 'author': 'Eve'}
2025-09-09 14:38:39 | INFO | Message received from author: Eve
2025-09-09 14:38:39 | INFO | Updated author counts: {'Bob': 10, 'Diana': 13, 'Alice': 12, 'Charlie': 8, 'Eve': 5}
2025-09-09 14:38:39 | INFO | Processed JSON message: {'message': 'Buzz messages for everyone.', 'author': 'Eve'}
2025-09-09 14:38:39 | INFO | Message received from author: Eve
2025-09-09 14:38:39 | INFO | Updated author counts: {'Bob': 10, 'Diana': 13, 'Alice': 12, 'Charlie': 8, 'Eve': 6}
2025-09-09 14:38:39 | INFO | Processed JSON message: {'message': 'JSON makes life easier.', 'author': 'Eve'}
2025-09-09 14:38:39 | INFO | Message received from author: Eve
2025-09-09 14:38:39 | INFO | Updated author counts: {'Bob': 10, 'Diana': 13, 'Alice': 12, 'Charlie': 8, 'Eve': 7}
2025-09-09 14:38:39 | INFO | Processed JSON message: {'message': 'Have a great day!', 'author': 'Alice'}
2025-09-09 14:38:39 | INFO | Message received from author: Alice
2025-09-09 14:38:39 | INFO | Updated author counts: {'Bob': 10, 'Diana': 13, 'Alice': 13, 'Charlie': 8, 'Eve': 7}
2025-09-09 14:38:39 | INFO | Processed JSON message: {'message': 'I love Python!', 'author': 'Bob'}
2025-09-09 14:38:39 | INFO | Message received from author: Bob
2025-09-09 14:38:39 | INFO | Updated author counts: {'Bob': 11, 'Diana': 13, 'Alice': 13, 'Charlie': 8, 'Eve': 7}
2025-09-09 14:38:39 | INFO | Processed JSON message: {'message': 'I love Python!', 'author': 'Bob'}
2025-09-09 14:38:39 | INFO | Message received from author: Bob
2025-09-09 14:38:39 | INFO | Updated author counts: {'Bob': 12, 'Diana': 13, 'Alice': 13, 'Charlie': 8, 'Eve': 7}
2025-09-09 14:38:39 | INFO | Processed JSON message: {'message': 'This is a buzz message.', 'author': 'Eve'}
2025-09-09 14:38:39 | INFO | Message received from author: Eve
2025-09-09 14:38:39 | INFO | Updated author counts: {'Bob': 12, 'Diana': 13, 'Alice': 13, 'Charlie': 8, 'Eve': 8}
2025-09-09 14:38:39 | INFO | Processed JSON message: {'message': 'This is a buzz message.', 'author': 'Alice'}
2025-09-09 14:38:39 | INFO | Message received from author: Alice
2025-09-09 14:38:39 | INFO | Updated author counts: {'Bob': 12, 'Diana': 13, 'Alice': 14, 'Charlie': 8, 'Eve': 8}
2025-09-09 14:38:39 | INFO | Processed JSON message: {'message': 'Distributed systems are fascinating.', 'author': 'Diana'}
2025-09-09 14:38:39 | INFO | Message received from author: Diana
2025-09-09 14:38:39 | INFO | Updated author counts: {'Bob': 12, 'Diana': 14, 'Alice': 14, 'Charlie': 8, 'Eve': 8}
2025-09-09 14:38:39 | INFO | Processed JSON message: {'message': 'Streaming data is fun.', 'author': 'Eve'}
2025-09-09 14:38:39 | INFO | Message received from author: Eve
2025-09-09 14:38:39 | INFO | Updated author counts: {'Bob': 12, 'Diana': 14, 'Alice': 14, 'Charlie': 8, 'Eve': 9}
2025-09-09 14:38:39 | INFO | Processed JSON message: {'message': 'Have a great day!', 'author': 'Charlie'}
2025-09-09 14:38:39 | INFO | Message received from author: Charlie
2025-09-09 14:38:39 | INFO | Updated author counts: {'Bob': 12, 'Diana': 14, 'Alice': 14, 'Charlie': 9, 'Eve': 9}
2025-09-09 14:38:39 | INFO | Processed JSON message: {'message': 'JSON makes life easier.', 'author': 'Eve'}
2025-09-09 14:38:39 | INFO | Message received from author: Eve
2025-09-09 14:38:39 | INFO | Updated author counts: {'Bob': 12, 'Diana': 14, 'Alice': 14, 'Charlie': 9, 'Eve': 10}
2025-09-09 14:38:39 | INFO | Processed JSON message: {'message': 'Buzz messages for everyone.', 'author': 'Diana'}
2025-09-09 14:38:39 | INFO | Message received from author: Diana
2025-09-09 14:38:39 | INFO | Updated author counts: {'Bob': 12, 'Diana': 15, 'Alice': 14, 'Charlie': 9, 'Eve': 10}
2025-09-09 14:38:39 | INFO | Processed JSON message: {'message': 'This is a buzz message.', 'author': 'Charlie'}
2025-09-09 14:38:39 | INFO | Message received from author: Charlie
2025-09-09 14:38:39 | INFO | Updated author counts: {'Bob': 12, 'Diana': 15, 'Alice': 14, 'Charlie': 10, 'Eve': 10}
2025-09-09 14:38:39 | INFO | Processed JSON message: {'message': 'Distributed systems are fascinating.', 'author': 'Charlie'}
2025-09-09 14:38:39 | INFO | Message received from author: Charlie
2025-09-09 14:38:39 | INFO | Updated author counts: {'Bob': 12, 'Diana': 15, 'Alice': 14, 'Charlie': 11, 'Eve': 10}
2025-09-09 14:38:39 | INFO | Processed JSON message: {'message': 'Buzz messages for everyone.', 'author': 'Bob'}
2025-09-09 14:38:39 | INFO | Message received from author: Bob
2025-09-09 14:38:39 | INFO | Updated author counts: {'Bob': 13, 'Diana': 15, 'Alice': 14, 'Charlie': 11, 'Eve': 10}
2025-09-09 14:38:39 | INFO | Processed JSON message: {'message': 'This is a buzz message.', 'author': 'Eve'}
2025-09-09 14:38:39 | INFO | Message received from author: Eve
2025-09-09 14:38:39 | INFO | Updated author counts: {'Bob': 13, 'Diana': 15, 'Alice': 14, 'Charlie': 11, 'Eve': 11}
2025-09-09 14:38:39 | INFO | Processed JSON message: {'message': 'Data engineering is my passion.', 'author': 'Diana'}
2025-09-09 14:38:39 | INFO | Message received from author: Diana
2025-09-09 14:38:39 | INFO | Updated author counts: {'Bob': 13, 'Diana': 16, 'Alice': 14, 'Charlie': 11, 'Eve': 11}
2025-09-09 14:38:39 | INFO | Processed JSON message: {'message': 'Data engineering is my passion.', 'author': 'Alice'}
2025-09-09 14:38:39 | INFO | Message received from author: Alice
2025-09-09 14:38:39 | INFO | Updated author counts: {'Bob': 13, 'Diana': 16, 'Alice': 15, 'Charlie': 11, 'Eve': 11}
2025-09-09 14:38:39 | INFO | Processed JSON message: {'message': 'Buzz messages for everyone.', 'author': 'Diana'}
2025-09-09 14:38:39 | INFO | Message received from author: Diana
2025-09-09 14:38:39 | INFO | Updated author counts: {'Bob': 13, 'Diana': 17, 'Alice': 15, 'Charlie': 11, 'Eve': 11}
2025-09-09 14:38:39 | INFO | Processed JSON message: {'message': 'JSON makes life easier.', 'author': 'Alice'}
2025-09-09 14:38:39 | INFO | Message received from author: Alice
2025-09-09 14:38:39 | INFO | Updated author counts: {'Bob': 13, 'Diana': 17, 'Alice': 16, 'Charlie': 11, 'Eve': 11}
2025-09-09 14:38:39 | INFO | Processed JSON message: {'message': 'Data engineering is my passion.', 'author': 'Eve'}
2025-09-09 14:38:39 | INFO | Message received from author: Eve
2025-09-09 14:38:39 | INFO | Updated author counts: {'Bob': 13, 'Diana': 17, 'Alice': 16, 'Charlie': 11, 'Eve': 12}
2025-09-09 14:38:39 | INFO | Processed JSON message: {'message': 'Distributed systems are fascinating.', 'author': 'Alice'}
2025-09-09 14:38:39 | INFO | Message received from author: Alice
2025-09-09 14:38:39 | INFO | Updated author counts: {'Bob': 13, 'Diana': 17, 'Alice': 17, 'Charlie': 11, 'Eve': 12}
2025-09-09 14:38:39 | INFO | Processed JSON message: {'message': 'Have a great day!', 'author': 'Charlie'}
2025-09-09 14:38:39 | INFO | Message received from author: Charlie
2025-09-09 14:38:39 | INFO | Updated author counts: {'Bob': 13, 'Diana': 17, 'Alice': 17, 'Charlie': 12, 'Eve': 12}
2025-09-09 14:38:39 | INFO | Processed JSON message: {'message': 'Data engineering is my passion.', 'author': 'Alice'}
2025-09-09 14:38:39 | INFO | Message received from author: Alice
2025-09-09 14:38:39 | INFO | Updated author counts: {'Bob': 13, 'Diana': 17, 'Alice': 18, 'Charlie': 12, 'Eve': 12}
2025-09-09 14:38:39 | INFO | Processed JSON message: {'message': 'Distributed systems are fascinating.', 'author': 'Diana'}
2025-09-09 14:38:39 | INFO | Message received from author: Diana
2025-09-09 14:38:39 | INFO | Updated author counts: {'Bob': 13, 'Diana': 18, 'Alice': 18, 'Charlie': 12, 'Eve': 12}
2025-09-09 14:38:39 | INFO | Processed JSON message: {'message': 'Buzz messages for everyone.', 'author': 'Alice'}
2025-09-09 14:38:39 | INFO | Message received from author: Alice
2025-09-09 14:38:39 | INFO | Updated author counts: {'Bob': 13, 'Diana': 18, 'Alice': 19, 'Charlie': 12, 'Eve': 12}
2025-09-09 14:38:39 | INFO | Processed JSON message: {'message': 'Hello, Kafka world!', 'author': 'Diana'}
2025-09-09 14:38:39 | INFO | Message received from author: Diana
2025-09-09 14:38:39 | INFO | Updated author counts: {'Bob': 13, 'Diana': 19, 'Alice': 19, 'Charlie': 12, 'Eve': 12}
2025-09-09 14:38:39 | INFO | Processed JSON message: {'message': 'This is a buzz message.', 'author': 'Eve'}
2025-09-09 14:38:39 | INFO | Message received from author: Eve
2025-09-09 14:38:39 | INFO | Updated author counts: {'Bob': 13, 'Diana': 19, 'Alice': 19, 'Charlie': 12, 'Eve': 13}
2025-09-09 14:38:39 | INFO | Processed JSON message: {'message': 'JSON makes life easier.', 'author': 'Eve'}
2025-09-09 14:38:39 | INFO | Message received from author: Eve
2025-09-09 14:38:39 | INFO | Updated author counts: {'Bob': 13, 'Diana': 19, 'Alice': 19, 'Charlie': 12, 'Eve': 14}
2025-09-09 14:38:39 | INFO | Processed JSON message: {'message': 'JSON makes life easier.', 'author': 'Alice'}
2025-09-09 14:38:39 | INFO | Message received from author: Alice
2025-09-09 14:38:39 | INFO | Updated author counts: {'Bob': 13, 'Diana': 19, 'Alice': 20, 'Charlie': 12, 'Eve': 14}
2025-09-09 14:38:39 | INFO | Processed JSON message: {'message': 'Data engineering is my passion.', 'author': 'Diana'}
2025-09-09 14:38:39 | INFO | Message received from author: Diana
2025-09-09 14:38:39 | INFO | Updated author counts: {'Bob': 13, 'Diana': 20, 'Alice': 20, 'Charlie': 12, 'Eve': 14}
2025-09-09 14:38:39 | INFO | Processed JSON message: {'message': 'JSON makes life easier.', 'author': 'Diana'}
2025-09-09 14:38:39 | INFO | Message received from author: Diana
2025-09-09 14:38:39 | INFO | Updated author counts: {'Bob': 13, 'Diana': 21, 'Alice': 20, 'Charlie': 12, 'Eve': 14}
2025-09-09 14:38:39 | INFO | Processed JSON message: {'message': 'Kafka is awesome.', 'author': 'Charlie'}
2025-09-09 14:38:39 | INFO | Message received from author: Charlie
2025-09-09 14:38:39 | INFO | Updated author counts: {'Bob': 13, 'Diana': 21, 'Alice': 20, 'Charlie': 13, 'Eve': 14}
2025-09-09 14:38:39 | INFO | Processed JSON message: {'message': 'JSON makes life easier.', 'author': 'Bob'}
2025-09-09 14:38:39 | INFO | Message received from author: Bob
2025-09-09 14:38:39 | INFO | Updated author counts: {'Bob': 14, 'Diana': 21, 'Alice': 20, 'Charlie': 13, 'Eve': 14}
2025-09-09 14:38:39 | INFO | Processed JSON message: {'message': 'I love Python!', 'author': 'Bob'}
2025-09-09 14:38:39 | INFO | Message received from author: Bob
2025-09-09 14:38:39 | INFO | Updated author counts: {'Bob': 15, 'Diana': 21, 'Alice': 20, 'Charlie': 13, 'Eve': 14}
2025-09-09 14:38:39 | INFO | Processed JSON message: {'message': 'This is a buzz message.', 'author': 'Eve'}
2025-09-09 14:38:39 | INFO | Message received from author: Eve
2025-09-09 14:38:39 | INFO | Updated author counts: {'Bob': 15, 'Diana': 21, 'Alice': 20, 'Charlie': 13, 'Eve': 15}
2025-09-09 14:38:39 | INFO | Processed JSON message: {'message': 'I love Python!', 'author': 'Eve'}
2025-09-09 14:38:39 | INFO | Message received from author: Eve
2025-09-09 14:38:39 | INFO | Updated author counts: {'Bob': 15, 'Diana': 21, 'Alice': 20, 'Charlie': 13, 'Eve': 16}
2025-09-09 14:38:39 | INFO | Processed JSON message: {'message': 'Buzz messages for everyone.', 'author': 'Alice'}
2025-09-09 14:38:39 | INFO | Message received from author: Alice
2025-09-09 14:38:39 | INFO | Updated author counts: {'Bob': 15, 'Diana': 21, 'Alice': 21, 'Charlie': 13, 'Eve': 16}
2025-09-09 14:38:39 | INFO | Processed JSON message: {'message': 'This is a buzz message.', 'author': 'Alice'}
2025-09-09 14:38:39 | INFO | Message received from author: Alice
2025-09-09 14:38:39 | INFO | Updated author counts: {'Bob': 15, 'Diana': 21, 'Alice': 22, 'Charlie': 13, 'Eve': 16}
2025-09-09 14:38:39 | INFO | Processed JSON message: {'message': 'Data engineering is my passion.', 'author': 'Diana'}
2025-09-09 14:38:39 | INFO | Message received from author: Diana
2025-09-09 14:38:39 | INFO | Updated author counts: {'Bob': 15, 'Diana': 22, 'Alice': 22, 'Charlie': 13, 'Eve': 16}
2025-09-09 14:38:39 | INFO | Processed JSON message: {'message': 'I love Python!', 'author': 'Eve'}
2025-09-09 14:38:39 | INFO | Message received from author: Eve
2025-09-09 14:38:39 | INFO | Updated author counts: {'Bob': 15, 'Diana': 22, 'Alice': 22, 'Charlie': 13, 'Eve': 17}
2025-09-09 14:38:39 | INFO | Processed JSON message: {'message': 'JSON makes life easier.', 'author': 'Charlie'}
2025-09-09 14:38:39 | INFO | Message received from author: Charlie
2025-09-09 14:38:39 | INFO | Updated author counts: {'Bob': 15, 'Diana': 22, 'Alice': 22, 'Charlie': 14, 'Eve': 17}
2025-09-09 14:38:39 | INFO | Processed JSON message: {'message': 'Have a great day!', 'author': 'Bob'}
2025-09-09 14:38:39 | INFO | Message received from author: Bob
2025-09-09 14:38:39 | INFO | Updated author counts: {'Bob': 16, 'Diana': 22, 'Alice': 22, 'Charlie': 14, 'Eve': 17}
2025-09-09 14:38:39 | INFO | Processed JSON message: {'message': 'Data engineering is my passion.', 'author': 'Alice'}
2025-09-09 14:38:39 | INFO | Message received from author: Alice
2025-09-09 14:38:39 | INFO | Updated author counts: {'Bob': 16, 'Diana': 22, 'Alice': 23, 'Charlie': 14, 'Eve': 17}
2025-09-09 14:38:39 | INFO | Processed JSON message: {'message': 'Kafka is awesome.', 'author': 'Diana'}
2025-09-09 14:38:39 | INFO | Message received from author: Diana
2025-09-09 14:38:39 | INFO | Updated author counts: {'Bob': 16, 'Diana': 23, 'Alice': 23, 'Charlie': 14, 'Eve': 17}
2025-09-09 14:38:39 | INFO | Processed JSON message: {'message': 'Kafka is awesome.', 'author': 'Diana'}
2025-09-09 14:38:39 | INFO | Message received from author: Diana
2025-09-09 14:38:39 | INFO | Updated author counts: {'Bob': 16, 'Diana': 24, 'Alice': 23, 'Charlie': 14, 'Eve': 17}
2025-09-09 14:38:39 | INFO | Processed JSON message: {'message': 'Hello, Kafka world!', 'author': 'Bob'}
2025-09-09 14:38:39 | INFO | Message received from author: Bob
2025-09-09 14:38:39 | INFO | Updated author counts: {'Bob': 17, 'Diana': 24, 'Alice': 23, 'Charlie': 14, 'Eve': 17}
2025-09-09 14:38:39 | INFO | Processed JSON message: {'message': 'Distributed systems are fascinating.', 'author': 'Diana'}
2025-09-09 14:38:39 | INFO | Message received from author: Diana
2025-09-09 14:38:39 | INFO | Updated author counts: {'Bob': 17, 'Diana': 25, 'Alice': 23, 'Charlie': 14, 'Eve': 17}
2025-09-09 14:38:39 | INFO | Processed JSON message: {'message': 'I love Python!', 'author': 'Diana'}
2025-09-09 14:38:39 | INFO | Message received from author: Diana
2025-09-09 14:38:39 | INFO | Updated author counts: {'Bob': 17, 'Diana': 26, 'Alice': 23, 'Charlie': 14, 'Eve': 17}
2025-09-09 14:38:39 | INFO | Processed JSON message: {'message': 'Have a great day!', 'author': 'Alice'}
2025-09-09 14:38:39 | INFO | Message received from author: Alice
2025-09-09 14:38:39 | INFO | Updated author counts: {'Bob': 17, 'Diana': 26, 'Alice': 24, 'Charlie': 14, 'Eve': 17}
2025-09-09 14:38:39 | INFO | Processed JSON message: {'message': 'Hello, Kafka world!', 'author': 'Charlie'}
2025-09-09 14:38:39 | INFO | Message received from author: Charlie
2025-09-09 14:38:39 | INFO | Updated author counts: {'Bob': 17, 'Diana': 26, 'Alice': 24, 'Charlie': 15, 'Eve': 17}
2025-09-09 14:38:39 | INFO | Processed JSON message: {'message': 'JSON makes life easier.', 'author': 'Diana'}
2025-09-09 14:38:39 | INFO | Message received from author: Diana
2025-09-09 14:38:39 | INFO | Updated author counts: {'Bob': 17, 'Diana': 27, 'Alice': 24, 'Charlie': 15, 'Eve': 17}
2025-09-09 14:38:39 | INFO | Processed JSON message: {'message': 'I love Python!', 'author': 'Bob'}
2025-09-09 14:38:39 | INFO | Message received from author: Bob
2025-09-09 14:38:39 | INFO | Updated author counts: {'Bob': 18, 'Diana': 27, 'Alice': 24, 'Charlie': 15, 'Eve': 17}
2025-09-09 14:38:39 | INFO | Processed JSON message: {'message': 'Have a great day!', 'author': 'Diana'}
2025-09-09 14:38:39 | INFO | Message received from author: Diana
2025-09-09 14:38:39 | INFO | Updated author counts: {'Bob': 18, 'Diana': 28, 'Alice': 24, 'Charlie': 15, 'Eve': 17}
2025-09-09 14:38:39 | INFO | Processed JSON message: {'message': 'Hello, Kafka world!', 'author': 'Alice'}
2025-09-09 14:38:39 | INFO | Message received from author: Alice
2025-09-09 14:38:39 | INFO | Updated author counts: {'Bob': 18, 'Diana': 28, 'Alice': 25, 'Charlie': 15, 'Eve': 17}
2025-09-09 14:38:39 | INFO | Processed JSON message: {'message': 'JSON makes life easier.', 'author': 'Alice'}
2025-09-09 14:38:39 | INFO | Message received from author: Alice
2025-09-09 14:38:39 | INFO | Updated author counts: {'Bob': 18, 'Diana': 28, 'Alice': 26, 'Charlie': 15, 'Eve': 17}
2025-09-09 14:38:39 | INFO | Processed JSON message: {'message': 'Buzz messages for everyone.', 'author': 'Charlie'}
2025-09-09 14:38:39 | INFO | Message received from author: Charlie
2025-09-09 14:38:39 | INFO | Updated author counts: {'Bob': 18, 'Diana': 28, 'Alice': 26, 'Charlie': 16, 'Eve': 17}
2025-09-09 14:38:39 | INFO | Processed JSON message: {'message': 'Buzz messages for everyone.', 'author': 'Bob'}
2025-09-09 14:38:39 | INFO | Message received from author: Bob
2025-09-09 14:38:39 | INFO | Updated author counts: {'Bob': 19, 'Diana': 28, 'Alice': 26, 'Charlie': 16, 'Eve': 17}
2025-09-09 14:38:39 | INFO | Processed JSON message: {'message': 'Streaming data is fun.', 'author': 'Diana'}
2025-09-09 14:38:39 | INFO | Message received from author: Diana
2025-09-09 14:38:39 | INFO | Updated author counts: {'Bob': 19, 'Diana': 29, 'Alice': 26, 'Charlie': 16, 'Eve': 17}
2025-09-09 14:38:39 | INFO | Processed JSON message: {'message': 'Have a great day!', 'author': 'Diana'}
2025-09-09 14:38:39 | INFO | Message received from author: Diana
2025-09-09 14:38:39 | INFO | Updated author counts: {'Bob': 19, 'Diana': 30, 'Alice': 26, 'Charlie': 16, 'Eve': 17}
2025-09-09 14:38:39 | INFO | Processed JSON message: {'message': 'I love Python!', 'author': 'Alice'}
2025-09-09 14:38:39 | INFO | Message received from author: Alice
2025-09-09 14:38:39 | INFO | Updated author counts: {'Bob': 19, 'Diana': 30, 'Alice': 27, 'Charlie': 16, 'Eve': 17}
2025-09-09 14:38:39 | INFO | Processed JSON message: {'message': 'Streaming data is fun.', 'author': 'Charlie'}
2025-09-09 14:38:39 | INFO | Message received from author: Charlie
2025-09-09 14:38:39 | INFO | Updated author counts: {'Bob': 19, 'Diana': 30, 'Alice': 27, 'Charlie': 17, 'Eve': 17}
2025-09-09 14:38:39 | INFO | Processed JSON message: {'message': 'Kafka is awesome.', 'author': 'Alice'}
2025-09-09 14:38:39 | INFO | Message received from author: Alice
2025-09-09 14:38:39 | INFO | Updated author counts: {'Bob': 19, 'Diana': 30, 'Alice': 28, 'Charlie': 17, 'Eve': 17}
2025-09-09 14:38:39 | INFO | Processed JSON message: {'message': 'Kafka is awesome.', 'author': 'Diana'}
2025-09-09 14:38:39 | INFO | Message received from author: Diana
2025-09-09 14:38:39 | INFO | Updated author counts: {'Bob': 19, 'Diana': 31, 'Alice': 28, 'Charlie': 17, 'Eve': 17}
2025-09-09 14:38:39 | INFO | Processed JSON message: {'message': 'Kafka is awesome.', 'author': 'Alice'}
2025-09-09 14:38:39 | INFO | Message received from author: Alice
2025-09-09 14:38:39 | INFO | Updated author counts: {'Bob': 19, 'Diana': 31, 'Alice': 29, 'Charlie': 17, 'Eve': 17}
2025-09-09 14:38:39 | INFO | Processed JSON message: {'message': 'JSON makes life easier.', 'author': 'Bob'}
2025-09-09 14:38:39 | INFO | Message received from author: Bob
2025-09-09 14:38:39 | INFO | Updated author counts: {'Bob': 20, 'Diana': 31, 'Alice': 29, 'Charlie': 17, 'Eve': 17}
2025-09-09 14:38:39 | INFO | Processed JSON message: {'message': 'This is a buzz message.', 'author': 'Bob'}
2025-09-09 14:38:39 | INFO | Message received from author: Bob
2025-09-09 14:38:39 | INFO | Updated author counts: {'Bob': 21, 'Diana': 31, 'Alice': 29, 'Charlie': 17, 'Eve': 17}
2025-09-09 14:38:39 | INFO | Processed JSON message: {'message': 'Streaming data is fun.', 'author': 'Diana'}
2025-09-09 14:38:39 | INFO | Message received from author: Diana
2025-09-09 14:38:39 | INFO | Updated author counts: {'Bob': 21, 'Diana': 32, 'Alice': 29, 'Charlie': 17, 'Eve': 17}
2025-09-09 14:38:39 | INFO | Processed JSON message: {'message': 'Have a great day!', 'author': 'Bob'}
2025-09-09 14:38:39 | INFO | Message received from author: Bob
2025-09-09 14:38:39 | INFO | Updated author counts: {'Bob': 22, 'Diana': 32, 'Alice': 29, 'Charlie': 17, 'Eve': 17}
2025-09-09 14:38:39 | INFO | Processed JSON message: {'message': 'This is a buzz message.', 'author': 'Eve'}
2025-09-09 14:38:39 | INFO | Message received from author: Eve
2025-09-09 14:38:39 | INFO | Updated author counts: {'Bob': 22, 'Diana': 32, 'Alice': 29, 'Charlie': 17, 'Eve': 18}
2025-09-09 14:38:39 | INFO | Processed JSON message: {'message': 'Hello, Kafka world!', 'author': 'Bob'}
2025-09-09 14:38:39 | INFO | Message received from author: Bob
2025-09-09 14:38:39 | INFO | Updated author counts: {'Bob': 23, 'Diana': 32, 'Alice': 29, 'Charlie': 17, 'Eve': 18}
2025-09-09 14:38:39 | INFO | Processed JSON message: {'message': 'This is a buzz message.', 'author': 'Alice'}
2025-09-09 14:38:39 | INFO | Message received from author: Alice
2025-09-09 14:38:39 | INFO | Updated author counts: {'Bob': 23, 'Diana': 32, 'Alice': 30, 'Charlie': 17, 'Eve': 18}
2025-09-09 14:38:39 | INFO | Processed JSON message: {'message': 'Streaming data is fun.', 'author': 'Eve'}
2025-09-09 14:38:39 | INFO | Message received from author: Eve
2025-09-09 14:38:39 | INFO | Updated author counts: {'Bob': 23, 'Diana': 32, 'Alice': 30, 'Charlie': 17, 'Eve': 19}
2025-09-09 14:38:39 | INFO | Processed JSON message: {'message': 'Kafka is awesome.', 'author': 'Alice'}
2025-09-09 14:38:39 | INFO | Message received from author: Alice
2025-09-09 14:38:39 | INFO | Updated author counts: {'Bob': 23, 'Diana': 32, 'Alice': 31, 'Charlie': 17, 'Eve': 19}
2025-09-09 14:38:39 | INFO | Processed JSON message: {'message': 'JSON makes life easier.', 'author': 'Bob'}
2025-09-09 14:38:39 | INFO | Message received from author: Bob
2025-09-09 14:38:39 | INFO | Updated author counts: {'Bob': 24, 'Diana': 32, 'Alice': 31, 'Charlie': 17, 'Eve': 19}
2025-09-09 14:38:39 | INFO | Processed JSON message: {'message': 'This is a buzz message.', 'author': 'Charlie'}
2025-09-09 14:38:39 | INFO | Message received from author: Charlie
2025-09-09 14:38:39 | INFO | Updated author counts: {'Bob': 24, 'Diana': 32, 'Alice': 31, 'Charlie': 18, 'Eve': 19}
2025-09-09 14:38:39 | INFO | Processed JSON message: {'message': 'Have a great day!', 'author': 'Diana'}
2025-09-09 14:38:39 | INFO | Message received from author: Diana
2025-09-09 14:38:39 | INFO | Updated author counts: {'Bob': 24, 'Diana': 33, 'Alice': 31, 'Charlie': 18, 'Eve': 19}
2025-09-09 14:38:39 | INFO | Processed JSON message: {'message': 'Distributed systems are fascinating.', 'author': 'Bob'}
2025-09-09 14:38:39 | INFO | Message received from author: Bob
2025-09-09 14:38:39 | INFO | Updated author counts: {'Bob': 25, 'Diana': 33, 'Alice': 31, 'Charlie': 18, 'Eve': 19}
2025-09-09 14:38:39 | INFO | Processed JSON message: {'message': 'Kafka is awesome.', 'author': 'Alice'}
2025-09-09 14:38:39 | INFO | Message received from author: Alice
2025-09-09 14:38:39 | INFO | Updated author counts: {'Bob': 25, 'Diana': 33, 'Alice': 32, 'Charlie': 18, 'Eve': 19}
2025-09-09 14:38:39 | INFO | Processed JSON message: {'message': 'Streaming data is fun.', 'author': 'Alice'}
2025-09-09 14:38:39 | INFO | Message received from author: Alice
2025-09-09 14:38:39 | INFO | Updated author counts: {'Bob': 25, 'Diana': 33, 'Alice': 33, 'Charlie': 18, 'Eve': 19}
2025-09-09 14:38:39 | INFO | Processed JSON message: {'message': 'Have a great day!', 'author': 'Diana'}
2025-09-09 14:38:39 | INFO | Message received from author: Diana
2025-09-09 14:38:39 | INFO | Updated author counts: {'Bob': 25, 'Diana': 34, 'Alice': 33, 'Charlie': 18, 'Eve': 19}
2025-09-09 14:38:39 | INFO | Processed JSON message: {'message': 'Streaming data is fun.', 'author': 'Alice'}
2025-09-09 14:38:39 | INFO | Message received from author: Alice
2025-09-09 14:38:39 | INFO | Updated author counts: {'Bob': 25, 'Diana': 34, 'Alice': 34, 'Charlie': 18, 'Eve': 19}
2025-09-09 14:38:39 | INFO | Processed JSON message: {'message': 'This is a buzz message.', 'author': 'Diana'}
2025-09-09 14:38:39 | INFO | Message received from author: Diana
2025-09-09 14:38:39 | INFO | Updated author counts: {'Bob': 25, 'Diana': 35, 'Alice': 34, 'Charlie': 18, 'Eve': 19}
2025-09-09 14:38:39 | INFO | Processed JSON message: {'message': 'Data engineering is my passion.', 'author': 'Bob'}
2025-09-09 14:38:39 | INFO | Message received from author: Bob
2025-09-09 14:38:39 | INFO | Updated author counts: {'Bob': 26, 'Diana': 35, 'Alice': 34, 'Charlie': 18, 'Eve': 19}
2025-09-09 14:38:39 | INFO | Processed JSON message: {'message': 'Have a great day!', 'author': 'Diana'}
2025-09-09 14:38:39 | INFO | Message received from author: Diana
2025-09-09 14:38:39 | INFO | Updated author counts: {'Bob': 26, 'Diana': 36, 'Alice': 34, 'Charlie': 18, 'Eve': 19}
2025-09-09 14:38:39 | INFO | Processed JSON message: {'message': 'Kafka is awesome.', 'author': 'Alice'}
2025-09-09 14:38:39 | INFO | Message received from author: Alice
2025-09-09 14:38:39 | INFO | Updated author counts: {'Bob': 26, 'Diana': 36, 'Alice': 35, 'Charlie': 18, 'Eve': 19}
2025-09-09 14:38:39 | INFO | Processed JSON message: {'message': 'Kafka is awesome.', 'author': 'Eve'}
2025-09-09 14:38:39 | INFO | Message received from author: Eve
2025-09-09 14:38:39 | INFO | Updated author counts: {'Bob': 26, 'Diana': 36, 'Alice': 35, 'Charlie': 18, 'Eve': 20}
2025-09-09 14:38:39 | INFO | Processed JSON message: {'message': 'Have a great day!', 'author': 'Diana'}
2025-09-09 14:38:39 | INFO | Message received from author: Diana
2025-09-09 14:38:39 | INFO | Updated author counts: {'Bob': 26, 'Diana': 37, 'Alice': 35, 'Charlie': 18, 'Eve': 20}
2025-09-09 14:38:39 | INFO | Processed JSON message: {'message': 'Buzz messages for everyone.', 'author': 'Charlie'}
2025-09-09 14:38:39 | INFO | Message received from author: Charlie
2025-09-09 14:38:39 | INFO | Updated author counts: {'Bob': 26, 'Diana': 37, 'Alice': 35, 'Charlie': 19, 'Eve': 20}
2025-09-09 14:38:39 | INFO | Processed JSON message: {'message': 'This is a buzz message.', 'author': 'Charlie'}
2025-09-09 14:38:39 | INFO | Message received from author: Charlie
2025-09-09 14:38:39 | INFO | Updated author counts: {'Bob': 26, 'Diana': 37, 'Alice': 35, 'Charlie': 20, 'Eve': 20}
2025-09-09 14:38:39 | INFO | Processed JSON message: {'message': 'Streaming data is fun.', 'author': 'Alice'}
2025-09-09 14:38:39 | INFO | Message received from author: Alice
2025-09-09 14:38:39 | INFO | Updated author counts: {'Bob': 26, 'Diana': 37, 'Alice': 36, 'Charlie': 20, 'Eve': 20}
2025-09-09 14:38:39 | INFO | Processed JSON message: {'message': 'Hello, Kafka world!', 'author': 'Diana'}
2025-09-09 14:38:39 | INFO | Message received from author: Diana
2025-09-09 14:38:39 | INFO | Updated author counts: {'Bob': 26, 'Diana': 38, 'Alice': 36, 'Charlie': 20, 'Eve': 20}
2025-09-09 14:38:39 | INFO | Processed JSON message: {'message': 'Kafka is awesome.', 'author': 'Bob'}
2025-09-09 14:38:39 | INFO | Message received from author: Bob
2025-09-09 14:38:39 | INFO | Updated author counts: {'Bob': 27, 'Diana': 38, 'Alice': 36, 'Charlie': 20, 'Eve': 20}
2025-09-09 14:38:39 | INFO | Processed JSON message: {'message': 'I love Python!', 'author': 'Eve'}
2025-09-09 14:38:39 | INFO | Message received from author: Eve
2025-09-09 14:38:39 | INFO | Updated author counts: {'Bob': 27, 'Diana': 38, 'Alice': 36, 'Charlie': 20, 'Eve': 21}
2025-09-09 14:38:39 | INFO | Processed JSON message: {'message': 'JSON makes life easier.', 'author': 'Charlie'}
2025-09-09 14:38:39 | INFO | Message received from author: Charlie
2025-09-09 14:38:39 | INFO | Updated author counts: {'Bob': 27, 'Diana': 38, 'Alice': 36, 'Charlie': 21, 'Eve': 21}
2025-09-09 14:38:39 | INFO | Processed JSON message: {'message': 'I love Python!', 'author': 'Charlie'}
2025-09-09 14:38:39 | INFO | Message received from author: Charlie
2025-09-09 14:38:39 | INFO | Updated author counts: {'Bob': 27, 'Diana': 38, 'Alice': 36, 'Charlie': 22, 'Eve': 21}
2025-09-09 14:38:39 | INFO | Processed JSON message: {'message': 'I love Python!', 'author': 'Charlie'}
2025-09-09 14:38:39 | INFO | Message received from author: Charlie
2025-09-09 14:38:39 | INFO | Updated author counts: {'Bob': 27, 'Diana': 38, 'Alice': 36, 'Charlie': 23, 'Eve': 21}
2025-09-09 14:38:39 | INFO | Processed JSON message: {'message': 'I love Python!', 'author': 'Diana'}
2025-09-09 14:38:39 | INFO | Message received from author: Diana
2025-09-09 14:38:39 | INFO | Updated author counts: {'Bob': 27, 'Diana': 39, 'Alice': 36, 'Charlie': 23, 'Eve': 21}
2025-09-09 14:38:39 | INFO | Processed JSON message: {'message': 'Streaming data is fun.', 'author': 'Diana'}
2025-09-09 14:38:39 | INFO | Message received from author: Diana
2025-09-09 14:38:39 | INFO | Updated author counts: {'Bob': 27, 'Diana': 40, 'Alice': 36, 'Charlie': 23, 'Eve': 21}
2025-09-09 14:38:39 | INFO | Processed JSON message: {'message': 'Data engineering is my passion.', 'author': 'Eve'}
2025-09-09 14:38:39 | INFO | Message received from author: Eve
2025-09-09 14:38:39 | INFO | Updated author counts: {'Bob': 27, 'Diana': 40, 'Alice': 36, 'Charlie': 23, 'Eve': 22}
2025-09-09 14:38:39 | INFO | Processed JSON message: {'message': 'Buzz messages for everyone.', 'author': 'Eve'}
2025-09-09 14:38:39 | INFO | Message received from author: Eve
2025-09-09 14:38:39 | INFO | Updated author counts: {'Bob': 27, 'Diana': 40, 'Alice': 36, 'Charlie': 23, 'Eve': 23}
2025-09-09 14:38:39 | INFO | Processed JSON message: {'message': 'JSON makes life easier.', 'author': 'Eve'}
2025-09-09 14:38:39 | INFO | Message received from author: Eve
2025-09-09 14:38:39 | INFO | Updated author counts: {'Bob': 27, 'Diana': 40, 'Alice': 36, 'Charlie': 23, 'Eve': 24}
2025-09-09 14:38:39 | INFO | Processed JSON message: {'message': 'Have a great day!', 'author': 'Alice'}
2025-09-09 14:38:39 | INFO | Message received from author: Alice
2025-09-09 14:38:39 | INFO | Updated author counts: {'Bob': 27, 'Diana': 40, 'Alice': 37, 'Charlie': 23, 'Eve': 24}
2025-09-09 14:38:39 | INFO | Processed JSON message: {'message': 'I love Python!', 'author': 'Bob'}
2025-09-09 14:38:39 | INFO | Message received from author: Bob
2025-09-09 14:38:39 | INFO | Updated author counts: {'Bob': 28, 'Diana': 40, 'Alice': 37, 'Charlie': 23, 'Eve': 24}
2025-09-09 14:38:39 | INFO | Processed JSON message: {'message': 'I love Python!', 'author': 'Bob'}
2025-09-09 14:38:39 | INFO | Message received from author: Bob
2025-09-09 14:38:39 | INFO | Updated author counts: {'Bob': 29, 'Diana': 40, 'Alice': 37, 'Charlie': 23, 'Eve': 24}
2025-09-09 14:38:39 | INFO | Processed JSON message: {'message': 'This is a buzz message.', 'author': 'Eve'}
2025-09-09 14:38:39 | INFO | Message received from author: Eve
2025-09-09 14:38:39 | INFO | Updated author counts: {'Bob': 29, 'Diana': 40, 'Alice': 37, 'Charlie': 23, 'Eve': 25}
2025-09-09 14:38:39 | INFO | Processed JSON message: {'message': 'This is a buzz message.', 'author': 'Alice'}
2025-09-09 14:38:39 | INFO | Message received from author: Alice
2025-09-09 14:38:39 | INFO | Updated author counts: {'Bob': 29, 'Diana': 40, 'Alice': 38, 'Charlie': 23, 'Eve': 25}
2025-09-09 14:38:39 | INFO | Processed JSON message: {'message': 'Distributed systems are fascinating.', 'author': 'Diana'}
2025-09-09 14:38:39 | INFO | Message received from author: Diana
2025-09-09 14:38:39 | INFO | Updated author counts: {'Bob': 29, 'Diana': 41, 'Alice': 38, 'Charlie': 23, 'Eve': 25}
2025-09-09 14:38:39 | INFO | Processed JSON message: {'message': 'Streaming data is fun.', 'author': 'Eve'}
2025-09-09 14:38:39 | INFO | Message received from author: Eve
2025-09-09 14:38:39 | INFO | Updated author counts: {'Bob': 29, 'Diana': 41, 'Alice': 38, 'Charlie': 23, 'Eve': 26}
2025-09-09 14:38:39 | INFO | Processed JSON message: {'message': 'Have a great day!', 'author': 'Charlie'}
2025-09-09 14:38:39 | INFO | Message received from author: Charlie
2025-09-09 14:38:39 | INFO | Updated author counts: {'Bob': 29, 'Diana': 41, 'Alice': 38, 'Charlie': 24, 'Eve': 26}
2025-09-09 14:38:39 | INFO | Processed JSON message: {'message': 'JSON makes life easier.', 'author': 'Eve'}
2025-09-09 14:38:39 | INFO | Message received from author: Eve
2025-09-09 14:38:39 | INFO | Updated author counts: {'Bob': 29, 'Diana': 41, 'Alice': 38, 'Charlie': 24, 'Eve': 27}
2025-09-09 14:38:39 | INFO | Processed JSON message: {'message': 'Buzz messages for everyone.', 'author': 'Diana'}
2025-09-09 14:38:39 | INFO | Message received from author: Diana
2025-09-09 14:38:39 | INFO | Updated author counts: {'Bob': 29, 'Diana': 42, 'Alice': 38, 'Charlie': 24, 'Eve': 27}
2025-09-09 14:38:39 | INFO | Processed JSON message: {'message': 'This is a buzz message.', 'author': 'Charlie'}
2025-09-09 14:38:39 | INFO | Message received from author: Charlie
2025-09-09 14:38:39 | INFO | Updated author counts: {'Bob': 29, 'Diana': 42, 'Alice': 38, 'Charlie': 25, 'Eve': 27}
2025-09-09 14:38:39 | INFO | Processed JSON message: {'message': 'Distributed systems are fascinating.', 'author': 'Charlie'}
2025-09-09 14:38:39 | INFO | Message received from author: Charlie
2025-09-09 14:38:39 | INFO | Updated author counts: {'Bob': 29, 'Diana': 42, 'Alice': 38, 'Charlie': 26, 'Eve': 27}
2025-09-09 14:38:39 | INFO | Processed JSON message: {'message': 'Buzz messages for everyone.', 'author': 'Bob'}
2025-09-09 14:38:39 | INFO | Message received from author: Bob
2025-09-09 14:38:39 | INFO | Updated author counts: {'Bob': 30, 'Diana': 42, 'Alice': 38, 'Charlie': 26, 'Eve': 27}
2025-09-09 14:38:39 | INFO | Processed JSON message: {'message': 'This is a buzz message.', 'author': 'Eve'}
2025-09-09 14:38:39 | INFO | Message received from author: Eve
2025-09-09 14:38:39 | INFO | Updated author counts: {'Bob': 30, 'Diana': 42, 'Alice': 38, 'Charlie': 26, 'Eve': 28}
2025-09-09 14:38:39 | INFO | Processed JSON message: {'message': 'Data engineering is my passion.', 'author': 'Diana'}
2025-09-09 14:38:39 | INFO | Message received from author: Diana
2025-09-09 14:38:39 | INFO | Updated author counts: {'Bob': 30, 'Diana': 43, 'Alice': 38, 'Charlie': 26, 'Eve': 28}
2025-09-09 14:38:39 | INFO | Processed JSON message: {'message': 'Data engineering is my passion.', 'author': 'Alice'}
2025-09-09 14:38:39 | INFO | Message received from author: Alice
2025-09-09 14:38:39 | INFO | Updated author counts: {'Bob': 30, 'Diana': 43, 'Alice': 39, 'Charlie': 26, 'Eve': 28}
2025-09-09 14:38:39 | INFO | Processed JSON message: {'message': 'Buzz messages for everyone.', 'author': 'Diana'}
2025-09-09 14:38:39 | INFO | Message received from author: Diana
2025-09-09 14:38:39 | INFO | Updated author counts: {'Bob': 30, 'Diana': 44, 'Alice': 39, 'Charlie': 26, 'Eve': 28}
2025-09-09 14:38:39 | INFO | Processed JSON message: {'message': 'JSON makes life easier.', 'author': 'Alice'}
2025-09-09 14:38:39 | INFO | Message received from author: Alice
2025-09-09 14:38:39 | INFO | Updated author counts: {'Bob': 30, 'Diana': 44, 'Alice': 40, 'Charlie': 26, 'Eve': 28}
2025-09-09 14:38:39 | INFO | Processed JSON message: {'message': 'Data engineering is my passion.', 'author': 'Eve'}
2025-09-09 14:38:39 | INFO | Message received from author: Eve
2025-09-09 14:38:39 | INFO | Updated author counts: {'Bob': 30, 'Diana': 44, 'Alice': 40, 'Charlie': 26, 'Eve': 29}
2025-09-09 14:38:39 | INFO | Processed JSON message: {'message': 'Distributed systems are fascinating.', 'author': 'Alice'}
2025-09-09 14:38:39 | INFO | Message received from author: Alice
2025-09-09 14:38:39 | INFO | Updated author counts: {'Bob': 30, 'Diana': 44, 'Alice': 41, 'Charlie': 26, 'Eve': 29}
2025-09-09 14:38:39 | INFO | Processed JSON message: {'message': 'Have a great day!', 'author': 'Charlie'}
2025-09-09 14:38:39 | INFO | Message received from author: Charlie
2025-09-09 14:38:39 | INFO | Updated author counts: {'Bob': 30, 'Diana': 44, 'Alice': 41, 'Charlie': 27, 'Eve': 29}
2025-09-09 14:38:39 | INFO | Processed JSON message: {'message': 'Data engineering is my passion.', 'author': 'Alice'}
2025-09-09 14:38:39 | INFO | Message received from author: Alice
2025-09-09 14:38:39 | INFO | Updated author counts: {'Bob': 30, 'Diana': 44, 'Alice': 42, 'Charlie': 27, 'Eve': 29}
2025-09-09 14:38:39 | INFO | Processed JSON message: {'message': 'Distributed systems are fascinating.', 'author': 'Diana'}
2025-09-09 14:38:39 | INFO | Message received from author: Diana
2025-09-09 14:38:39 | INFO | Updated author counts: {'Bob': 30, 'Diana': 45, 'Alice': 42, 'Charlie': 27, 'Eve': 29}
2025-09-09 14:38:39 | INFO | Processed JSON message: {'message': 'Buzz messages for everyone.', 'author': 'Alice'}
2025-09-09 14:38:39 | INFO | Message received from author: Alice
2025-09-09 14:38:39 | INFO | Updated author counts: {'Bob': 30, 'Diana': 45, 'Alice': 43, 'Charlie': 27, 'Eve': 29}
2025-09-09 14:38:39 | INFO | Processed JSON message: {'message': 'Hello, Kafka world!', 'author': 'Diana'}
2025-09-09 14:38:39 | INFO | Message received from author: Diana
2025-09-09 14:38:39 | INFO | Updated author counts: {'Bob': 30, 'Diana': 46, 'Alice': 43, 'Charlie': 27, 'Eve': 29}
2025-09-09 14:38:39 | INFO | Processed JSON message: {'message': 'This is a buzz message.', 'author': 'Eve'}
2025-09-09 14:38:39 | INFO | Message received from author: Eve
2025-09-09 14:38:39 | INFO | Updated author counts: {'Bob': 30, 'Diana': 46, 'Alice': 43, 'Charlie': 27, 'Eve': 30}
2025-09-09 14:38:39 | INFO | Processed JSON message: {'message': 'JSON makes life easier.', 'author': 'Eve'}
2025-09-09 14:38:39 | INFO | Message received from author: Eve
2025-09-09 14:38:39 | INFO | Updated author counts: {'Bob': 30, 'Diana': 46, 'Alice': 43, 'Charlie': 27, 'Eve': 31}
2025-09-09 14:38:39 | INFO | Processed JSON message: {'message': 'JSON makes life easier.', 'author': 'Alice'}
2025-09-09 14:38:39 | INFO | Message received from author: Alice
2025-09-09 14:38:39 | INFO | Updated author counts: {'Bob': 30, 'Diana': 46, 'Alice': 44, 'Charlie': 27, 'Eve': 31}
2025-09-09 14:38:39 | INFO | Processed JSON message: {'message': 'Data engineering is my passion.', 'author': 'Diana'}
2025-09-09 14:38:39 | INFO | Message received from author: Diana
2025-09-09 14:38:39 | INFO | Updated author counts: {'Bob': 30, 'Diana': 47, 'Alice': 44, 'Charlie': 27, 'Eve': 31}
2025-09-09 14:38:39 | INFO | Processed JSON message: {'message': 'JSON makes life easier.', 'author': 'Diana'}
2025-09-09 14:38:39 | INFO | Message received from author: Diana
2025-09-09 14:38:39 | INFO | Updated author counts: {'Bob': 30, 'Diana': 48, 'Alice': 44, 'Charlie': 27, 'Eve': 31}
2025-09-09 14:38:39 | INFO | Processed JSON message: {'message': 'Kafka is awesome.', 'author': 'Charlie'}
2025-09-09 14:38:39 | INFO | Message received from author: Charlie
2025-09-09 14:38:39 | INFO | Updated author counts: {'Bob': 30, 'Diana': 48, 'Alice': 44, 'Charlie': 28, 'Eve': 31}
2025-09-09 14:38:39 | INFO | Processed JSON message: {'message': 'JSON makes life easier.', 'author': 'Bob'}
2025-09-09 14:38:39 | INFO | Message received from author: Bob
2025-09-09 14:38:39 | INFO | Updated author counts: {'Bob': 31, 'Diana': 48, 'Alice': 44, 'Charlie': 28, 'Eve': 31}
2025-09-09 14:38:39 | INFO | Processed JSON message: {'message': 'I love Python!', 'author': 'Bob'}
2025-09-09 14:38:39 | INFO | Message received from author: Bob
2025-09-09 14:38:39 | INFO | Updated author counts: {'Bob': 32, 'Diana': 48, 'Alice': 44, 'Charlie': 28, 'Eve': 31}
2025-09-09 14:38:39 | INFO | Processed JSON message: {'message': 'This is a buzz message.', 'author': 'Eve'}
2025-09-09 14:38:39 | INFO | Message received from author: Eve
2025-09-09 14:38:39 | INFO | Updated author counts: {'Bob': 32, 'Diana': 48, 'Alice': 44, 'Charlie': 28, 'Eve': 32}
2025-09-09 14:38:39 | INFO | Processed JSON message: {'message': 'I love Python!', 'author': 'Eve'}
2025-09-09 14:38:39 | INFO | Message received from author: Eve
2025-09-09 14:38:39 | INFO | Updated author counts: {'Bob': 32, 'Diana': 48, 'Alice': 44, 'Charlie': 28, 'Eve': 33}
2025-09-09 14:38:39 | INFO | Processed JSON message: {'message': 'Buzz messages for everyone.', 'author': 'Alice'}
2025-09-09 14:38:39 | INFO | Message received from author: Alice
2025-09-09 14:38:39 | INFO | Updated author counts: {'Bob': 32, 'Diana': 48, 'Alice': 45, 'Charlie': 28, 'Eve': 33}
2025-09-09 14:38:39 | INFO | Processed JSON message: {'message': 'This is a buzz message.', 'author': 'Alice'}
2025-09-09 14:38:39 | INFO | Message received from author: Alice
2025-09-09 14:38:39 | INFO | Updated author counts: {'Bob': 32, 'Diana': 48, 'Alice': 46, 'Charlie': 28, 'Eve': 33}
2025-09-09 14:38:39 | INFO | Processed JSON message: {'message': 'Data engineering is my passion.', 'author': 'Diana'}
2025-09-09 14:38:39 | INFO | Message received from author: Diana
2025-09-09 14:38:39 | INFO | Updated author counts: {'Bob': 32, 'Diana': 49, 'Alice': 46, 'Charlie': 28, 'Eve': 33}
2025-09-09 14:38:39 | INFO | Processed JSON message: {'message': 'I love Python!', 'author': 'Eve'}
2025-09-09 14:38:39 | INFO | Message received from author: Eve
2025-09-09 14:38:39 | INFO | Updated author counts: {'Bob': 32, 'Diana': 49, 'Alice': 46, 'Charlie': 28, 'Eve': 34}
2025-09-09 14:38:39 | INFO | Processed JSON message: {'message': 'JSON makes life easier.', 'author': 'Charlie'}
2025-09-09 14:38:39 | INFO | Message received from author: Charlie
2025-09-09 14:38:39 | INFO | Updated author counts: {'Bob': 32, 'Diana': 49, 'Alice': 46, 'Charlie': 29, 'Eve': 34}
2025-09-09 14:38:39 | INFO | Processed JSON message: {'message': 'Have a great day!', 'author': 'Bob'}
2025-09-09 14:38:39 | INFO | Message received from author: Bob
2025-09-09 14:38:39 | INFO | Updated author counts: {'Bob': 33, 'Diana': 49, 'Alice': 46, 'Charlie': 29, 'Eve': 34}
2025-09-09 14:38:39 | INFO | Processed JSON message: {'message': 'Data engineering is my passion.', 'author': 'Alice'}
2025-09-09 14:38:39 | INFO | Message received from author: Alice
2025-09-09 14:38:39 | INFO | Updated author counts: {'Bob': 33, 'Diana': 49, 'Alice': 47, 'Charlie': 29, 'Eve': 34}
2025-09-09 14:38:39 | INFO | Processed JSON message: {'message': 'Kafka is awesome.', 'author': 'Diana'}
2025-09-09 14:38:39 | INFO | Message received from author: Diana
2025-09-09 14:38:39 | INFO | Updated author counts: {'Bob': 33, 'Diana': 50, 'Alice': 47, 'Charlie': 29, 'Eve': 34}
2025-09-09 14:38:39 | INFO | Processed JSON message: {'message': 'Kafka is awesome.', 'author': 'Diana'}
2025-09-09 14:38:39 | INFO | Message received from author: Diana
2025-09-09 14:38:39 | INFO | Updated author counts: {'Bob': 33, 'Diana': 51, 'Alice': 47, 'Charlie': 29, 'Eve': 34}
2025-09-09 14:38:39 | INFO | Processed JSON message: {'message': 'Hello, Kafka world!', 'author': 'Bob'}
2025-09-09 14:38:39 | INFO | Message received from author: Bob
2025-09-09 14:38:39 | INFO | Updated author counts: {'Bob': 34, 'Diana': 51, 'Alice': 47, 'Charlie': 29, 'Eve': 34}
2025-09-09 14:38:39 | INFO | Processed JSON message: {'message': 'Distributed systems are fascinating.', 'author': 'Diana'}
2025-09-09 14:38:39 | INFO | Message received from author: Diana
2025-09-09 14:38:39 | INFO | Updated author counts: {'Bob': 34, 'Diana': 52, 'Alice': 47, 'Charlie': 29, 'Eve': 34}
2025-09-09 14:38:39 | INFO | Processed JSON message: {'message': 'I love Python!', 'author': 'Diana'}
2025-09-09 14:38:39 | INFO | Message received from author: Diana
2025-09-09 14:38:39 | INFO | Updated author counts: {'Bob': 34, 'Diana': 53, 'Alice': 47, 'Charlie': 29, 'Eve': 34}
2025-09-09 14:38:39 | INFO | Processed JSON message: {'message': 'Have a great day!', 'author': 'Alice'}
2025-09-09 14:38:39 | INFO | Message received from author: Alice
2025-09-09 14:38:39 | INFO | Updated author counts: {'Bob': 34, 'Diana': 53, 'Alice': 48, 'Charlie': 29, 'Eve': 34}
2025-09-09 14:38:39 | INFO | Processed JSON message: {'message': 'Hello, Kafka world!', 'author': 'Charlie'}
2025-09-09 14:38:39 | INFO | Message received from author: Charlie
2025-09-09 14:38:39 | INFO | Updated author counts: {'Bob': 34, 'Diana': 53, 'Alice': 48, 'Charlie': 30, 'Eve': 34}
2025-09-09 14:38:39 | INFO | Processed JSON message: {'message': 'JSON makes life easier.', 'author': 'Diana'}
2025-09-09 14:38:39 | INFO | Message received from author: Diana
2025-09-09 14:38:39 | INFO | Updated author counts: {'Bob': 34, 'Diana': 54, 'Alice': 48, 'Charlie': 30, 'Eve': 34}
2025-09-09 14:38:39 | INFO | Processed JSON message: {'message': 'I love Python!', 'author': 'Bob'}
2025-09-09 14:38:39 | INFO | Message received from author: Bob
2025-09-09 14:38:39 | INFO | Updated author counts: {'Bob': 35, 'Diana': 54, 'Alice': 48, 'Charlie': 30, 'Eve': 34}
2025-09-09 14:38:39 | INFO | Processed JSON message: {'message': 'Have a great day!', 'author': 'Diana'}
2025-09-09 14:38:39 | INFO | Message received from author: Diana
2025-09-09 14:38:39 | INFO | Updated author counts: {'Bob': 35, 'Diana': 55, 'Alice': 48, 'Charlie': 30, 'Eve': 34}
2025-09-09 14:38:39 | INFO | Processed JSON message: {'message': 'Hello, Kafka world!', 'author': 'Alice'}
2025-09-09 14:38:39 | INFO | Message received from author: Alice
2025-09-09 14:38:39 | INFO | Updated author counts: {'Bob': 35, 'Diana': 55, 'Alice': 49, 'Charlie': 30, 'Eve': 34}
2025-09-09 14:38:39 | INFO | Processed JSON message: {'message': 'JSON makes life easier.', 'author': 'Alice'}
2025-09-09 14:38:39 | INFO | Message received from author: Alice
2025-09-09 14:38:39 | INFO | Updated author counts: {'Bob': 35, 'Diana': 55, 'Alice': 50, 'Charlie': 30, 'Eve': 34}
2025-09-09 14:38:39 | INFO | Processed JSON message: {'message': 'Buzz messages for everyone.', 'author': 'Charlie'}
2025-09-09 14:38:39 | INFO | Message received from author: Charlie
2025-09-09 14:38:39 | INFO | Updated author counts: {'Bob': 35, 'Diana': 55, 'Alice': 50, 'Charlie': 31, 'Eve': 34}
2025-09-09 14:38:39 | INFO | Processed JSON message: {'message': 'Buzz messages for everyone.', 'author': 'Bob'}
2025-09-09 14:38:39 | INFO | Message received from author: Bob
2025-09-09 14:38:39 | INFO | Updated author counts: {'Bob': 36, 'Diana': 55, 'Alice': 50, 'Charlie': 31, 'Eve': 34}
2025-09-09 14:38:39 | INFO | Processed JSON message: {'message': 'Streaming data is fun.', 'author': 'Diana'}
2025-09-09 14:38:39 | INFO | Message received from author: Diana
2025-09-09 14:38:39 | INFO | Updated author counts: {'Bob': 36, 'Diana': 56, 'Alice': 50, 'Charlie': 31, 'Eve': 34}
2025-09-09 14:38:39 | INFO | Processed JSON message: {'message': 'Have a great day!', 'author': 'Diana'}
2025-09-09 14:38:39 | INFO | Message received from author: Diana
2025-09-09 14:38:39 | INFO | Updated author counts: {'Bob': 36, 'Diana': 57, 'Alice': 50, 'Charlie': 31, 'Eve': 34}
2025-09-09 14:38:39 | INFO | Processed JSON message: {'message': 'I love Python!', 'author': 'Alice'}
2025-09-09 14:38:39 | INFO | Message received from author: Alice
2025-09-09 14:38:39 | INFO | Updated author counts: {'Bob': 36, 'Diana': 57, 'Alice': 51, 'Charlie': 31, 'Eve': 34}
2025-09-09 14:38:39 | INFO | Processed JSON message: {'message': 'Streaming data is fun.', 'author': 'Charlie'}
2025-09-09 14:38:39 | INFO | Message received from author: Charlie
2025-09-09 14:38:39 | INFO | Updated author counts: {'Bob': 36, 'Diana': 57, 'Alice': 51, 'Charlie': 32, 'Eve': 34}
2025-09-09 14:38:39 | INFO | Processed JSON message: {'message': 'Kafka is awesome.', 'author': 'Alice'}
2025-09-09 14:38:39 | INFO | Message received from author: Alice
2025-09-09 14:38:39 | INFO | Updated author counts: {'Bob': 36, 'Diana': 57, 'Alice': 52, 'Charlie': 32, 'Eve': 34}
2025-09-09 14:38:39 | INFO | Processed JSON message: {'message': 'Kafka is awesome.', 'author': 'Diana'}
2025-09-09 14:38:39 | INFO | Message received from author: Diana
2025-09-09 14:38:39 | INFO | Updated author counts: {'Bob': 36, 'Diana': 58, 'Alice': 52, 'Charlie': 32, 'Eve': 34}
2025-09-09 14:38:39 | INFO | Processed JSON message: {'message': 'Kafka is awesome.', 'author': 'Alice'}
2025-09-09 14:38:39 | INFO | Message received from author: Alice
2025-09-09 14:38:39 | INFO | Updated author counts: {'Bob': 36, 'Diana': 58, 'Alice': 53, 'Charlie': 32, 'Eve': 34}
2025-09-09 14:38:39 | INFO | Processed JSON message: {'message': 'JSON makes life easier.', 'author': 'Bob'}
2025-09-09 14:38:39 | INFO | Message received from author: Bob
2025-09-09 14:38:39 | INFO | Updated author counts: {'Bob': 37, 'Diana': 58, 'Alice': 53, 'Charlie': 32, 'Eve': 34}
2025-09-09 14:38:39 | INFO | Processed JSON message: {'message': 'This is a buzz message.', 'author': 'Bob'}
2025-09-09 14:38:39 | INFO | Message received from author: Bob
